#
# There is insufficient memory for the Java Runtime Environment to continue.
# Native memory allocation (malloc) failed to allocate 1212896 bytes for Chunk::new
# Possible reasons:
#   The system is out of physical RAM or swap space
#   The process is running with CompressedOops enabled, and the Java Heap may be blocking the growth of the native heap
# Possible solutions:
#   Reduce memory load on the system
#   Increase physical memory or swap space
#   Check if swap backing store is full
#   Decrease Java heap size (-Xmx/-Xms)
#   Decrease number of Java threads
#   Decrease Java thread stack sizes (-Xss)
#   Set larger code cache with -XX:ReservedCodeCacheSize=
#   JVM is running with Unscaled Compressed Oops mode in which the Java heap is
#     placed in the first 4GB address space. The Java Heap base address is the
#     maximum limit for the native heap growth. Please use -XX:HeapBaseMinAddress
#     to set the Java Heap base and to place the Java Heap above 4GB virtual address.
# This output file may be truncated or incomplete.
#
#  Out of Memory Error (./src/hotspot/share/memory/arena.cpp:197), pid=8200, tid=14984
#
# JRE version: OpenJDK Runtime Environment (11.0.10) (build 11.0.10+0-b96-7249189)
# Java VM: OpenJDK 64-Bit Server VM (11.0.10+0-b96-7249189, mixed mode, tiered, compressed oops, g1 gc, windows-amd64)
# No core dump will be written. Minidumps are not enabled by default on client versions of Windows
#

---------------  S U M M A R Y ------------

Command Line: --add-opens=java.base/java.util=ALL-UNNAMED --add-opens=java.base/java.lang=ALL-UNNAMED --add-opens=java.base/java.lang.invoke=ALL-UNNAMED --add-opens=java.base/java.util=ALL-UNNAMED --add-opens=java.prefs/java.util.prefs=ALL-UNNAMED --add-opens=java.prefs/java.util.prefs=ALL-UNNAMED --add-opens=java.base/java.nio.charset=ALL-UNNAMED --add-opens=java.base/java.net=ALL-UNNAMED --add-opens=java.base/java.util.concurrent.atomic=ALL-UNNAMED -Xmx2048m -Dfile.encoding=UTF-8 -Duser.country=US -Duser.language=en -Duser.variant org.gradle.launcher.daemon.bootstrap.GradleDaemon 7.0.2

Host: AMD Ryzen 5 1600 Six-Core Processor            , 12 cores, 15G,  Windows 10 , 64 bit Build 19041 (10.0.19041.1348)
Time: Mon Jan  3 12:26:07 2022 FLE Standard Time elapsed time: 15.810155 seconds (0d 0h 0m 15s)

---------------  T H R E A D  ---------------

Current thread (0x0000015161b70800):  JavaThread "C2 CompilerThread0" daemon [_thread_in_native, id=14984, stack(0x000000042ad00000,0x000000042ae00000)]


Current CompileTask:
C2:  15810 6815       4       org.gradle.internal.instantiation.generator.AbstractClassGenerator::inspectType (560 bytes)

Stack: [0x000000042ad00000,0x000000042ae00000]
Native frames: (J=compiled Java code, j=interpreted, Vv=VM code, C=native code)
V  [jvm.dll+0x5ecfaa]
V  [jvm.dll+0x722bd5]
V  [jvm.dll+0x72412d]
V  [jvm.dll+0x7247e3]
V  [jvm.dll+0x242928]
V  [jvm.dll+0xbc4fc]
V  [jvm.dll+0xbca0c]
V  [jvm.dll+0x2b4fd4]
V  [jvm.dll+0x506028]
V  [jvm.dll+0x1fcdfd]
V  [jvm.dll+0x1fa77f]
V  [jvm.dll+0x18354c]
V  [jvm.dll+0x208ee7]
V  [jvm.dll+0x207731]
V  [jvm.dll+0x6eb1cf]
V  [jvm.dll+0x6e3d45]
V  [jvm.dll+0x5ebe96]
C  [ucrtbase.dll+0x21bb2]
C  [KERNEL32.DLL+0x17034]
C  [ntdll.dll+0x52651]


---------------  P R O C E S S  ---------------

Threads class SMR info:
_java_thread_list=0x0000015166cb4a80, length=60, elements={
0x0000015144a3e000, 0x0000015161b45000, 0x0000015161b4a800, 0x0000015161b6a800,
0x0000015161b6b800, 0x0000015161b6d000, 0x0000015161b70800, 0x0000015161bb4800,
0x0000015161bd0800, 0x0000015161d2a000, 0x0000015164685800, 0x0000015164683000,
0x0000015164684000, 0x0000015164686800, 0x0000015164687800, 0x0000015164682800,
0x0000015164688000, 0x0000015164689000, 0x0000015164685000, 0x0000015163751000,
0x000001516374b800, 0x000001516374d000, 0x000001516374e000, 0x0000015163750000,
0x000001516374e800, 0x000001516374f800, 0x0000015163752000, 0x000001516374c000,
0x00000151655e5800, 0x00000151655e3800, 0x00000151655e6000, 0x00000151655e1800,
0x00000151655e3000, 0x00000151651a2000, 0x00000151651a5000, 0x00000151651a2800,
0x00000151651a6000, 0x00000151651a1000, 0x00000151651a3800, 0x00000151651a4800,
0x00000151651a0800, 0x00000151651a7800, 0x00000151651a7000, 0x00000151651ab000,
0x00000151651ad800, 0x00000151651aa000, 0x00000151651ae000, 0x00000151651a8800,
0x00000151651ab800, 0x00000151651ac800, 0x00000151651af000, 0x00000151651a9800,
0x0000015165918800, 0x0000015165915000, 0x0000015165912800, 0x0000015165916000,
0x0000015165913800, 0x0000015165914000, 0x00000151632f7800, 0x000001516355d800
}

Java Threads: ( => current thread )
  0x0000015144a3e000 JavaThread "main" [_thread_blocked, id=8724, stack(0x000000042a100000,0x000000042a200000)]
  0x0000015161b45000 JavaThread "Reference Handler" daemon [_thread_blocked, id=9208, stack(0x000000042a800000,0x000000042a900000)]
  0x0000015161b4a800 JavaThread "Finalizer" daemon [_thread_blocked, id=7544, stack(0x000000042a900000,0x000000042aa00000)]
  0x0000015161b6a800 JavaThread "Signal Dispatcher" daemon [_thread_blocked, id=8548, stack(0x000000042aa00000,0x000000042ab00000)]
  0x0000015161b6b800 JavaThread "Attach Listener" daemon [_thread_blocked, id=10204, stack(0x000000042ab00000,0x000000042ac00000)]
  0x0000015161b6d000 JavaThread "Service Thread" daemon [_thread_blocked, id=8980, stack(0x000000042ac00000,0x000000042ad00000)]
=>0x0000015161b70800 JavaThread "C2 CompilerThread0" daemon [_thread_in_native, id=14984, stack(0x000000042ad00000,0x000000042ae00000)]
  0x0000015161bb4800 JavaThread "C1 CompilerThread0" daemon [_thread_blocked, id=15940, stack(0x000000042ae00000,0x000000042af00000)]
  0x0000015161bd0800 JavaThread "Sweeper thread" daemon [_thread_blocked, id=8136, stack(0x000000042af00000,0x000000042b000000)]
  0x0000015161d2a000 JavaThread "Common-Cleaner" daemon [_thread_blocked, id=21684, stack(0x000000042b000000,0x000000042b100000)]
  0x0000015164685800 JavaThread "Daemon health stats" [_thread_blocked, id=15676, stack(0x000000042b900000,0x000000042ba00000)]
  0x0000015164683000 JavaThread "Incoming local TCP Connector on port 55529" [_thread_in_native, id=17436, stack(0x000000042b200000,0x000000042b300000)]
  0x0000015164684000 JavaThread "Daemon periodic checks" [_thread_blocked, id=14712, stack(0x000000042b800000,0x000000042b900000)]
  0x0000015164686800 JavaThread "Daemon" [_thread_blocked, id=4084, stack(0x000000042ba00000,0x000000042bb00000)]
  0x0000015164687800 JavaThread "Handler for socket connection from /127.0.0.1:55529 to /127.0.0.1:55530" [_thread_in_native, id=21652, stack(0x000000042bb00000,0x000000042bc00000)]
  0x0000015164682800 JavaThread "Cancel handler" [_thread_blocked, id=6720, stack(0x000000042bc00000,0x000000042bd00000)]
  0x0000015164688000 JavaThread "Daemon worker" [_thread_in_native, id=8308, stack(0x000000042bd00000,0x000000042be00000)]
  0x0000015164689000 JavaThread "Asynchronous log dispatcher for DefaultDaemonConnection: socket connection from /127.0.0.1:55529 to /127.0.0.1:55530" [_thread_blocked, id=12356, stack(0x000000042be00000,0x000000042bf00000)]
  0x0000015164685000 JavaThread "Stdin handler" [_thread_blocked, id=13352, stack(0x000000042bf00000,0x000000042c000000)]
  0x0000015163751000 JavaThread "Daemon client event forwarder" [_thread_blocked, id=15936, stack(0x000000042c000000,0x000000042c100000)]
  0x000001516374b800 JavaThread "Cache worker for file hash cache (C:\Users\Megas\.gradle\caches\7.0.2\fileHashes)" [_thread_blocked, id=3736, stack(0x000000042c100000,0x000000042c200000)]
  0x000001516374d000 JavaThread "File lock request listener" [_thread_in_native, id=13220, stack(0x000000042c200000,0x000000042c300000)]
  0x000001516374e000 JavaThread "Cache worker for journal cache (C:\Users\Megas\.gradle\caches\journal-1)" [_thread_blocked, id=4060, stack(0x000000042c900000,0x000000042ca00000)]
  0x0000015163750000 JavaThread "Cache worker for file hash cache (C:\Users\Megas\Desktop\PizzaYannaApp\.gradle\7.0.2\fileHashes)" [_thread_blocked, id=21284, stack(0x000000042cb00000,0x000000042cc00000)]
  0x000001516374e800 JavaThread "File watcher server" daemon [_thread_in_native, id=3088, stack(0x000000042cc00000,0x000000042cd00000)]
  0x000001516374f800 JavaThread "File watcher consumer" daemon [_thread_blocked, id=17588, stack(0x000000042cd00000,0x000000042ce00000)]
  0x0000015163752000 JavaThread "Cache worker for checksums cache (C:\Users\Megas\Desktop\PizzaYannaApp\.gradle\checksums)" [_thread_blocked, id=2860, stack(0x000000042ce00000,0x000000042cf00000)]
  0x000001516374c000 JavaThread "Cache worker for cache directory md-supplier (C:\Users\Megas\.gradle\caches\7.0.2\md-supplier)" [_thread_blocked, id=17708, stack(0x000000042cf00000,0x000000042d000000)]
  0x00000151655e5800 JavaThread "Cache worker for cache directory md-rule (C:\Users\Megas\.gradle\caches\7.0.2\md-rule)" [_thread_blocked, id=20780, stack(0x000000042d000000,0x000000042d100000)]
  0x00000151655e3800 JavaThread "Cache worker for execution history cache (C:\Users\Megas\.gradle\caches\7.0.2\executionHistory)" [_thread_blocked, id=19680, stack(0x000000042d100000,0x000000042d200000)]
  0x00000151655e6000 JavaThread "jar transforms" [_thread_blocked, id=20144, stack(0x000000042d300000,0x000000042d400000)]
  0x00000151655e1800 JavaThread "jar transforms Thread 2" [_thread_blocked, id=10160, stack(0x000000042d400000,0x000000042d500000)]
  0x00000151655e3000 JavaThread "Cache worker for file content cache (C:\Users\Megas\.gradle\caches\7.0.2\fileContent)" [_thread_blocked, id=15860, stack(0x000000042d500000,0x000000042d600000)]
  0x00000151651a2000 JavaThread "Cache worker for dependencies-accessors (C:\Users\Megas\Desktop\PizzaYannaApp\.gradle\7.0.2\dependencies-accessors)" [_thread_blocked, id=19492, stack(0x000000042d600000,0x000000042d700000)]
  0x00000151651a5000 JavaThread "jar transforms Thread 3" [_thread_blocked, id=14052, stack(0x000000042d700000,0x000000042d800000)]
  0x00000151651a2800 JavaThread "Cache worker for Build Output Cleanup Cache (C:\Users\Megas\Desktop\PizzaYannaApp\.gradle\buildOutputCleanup)" [_thread_blocked, id=10080, stack(0x000000042d800000,0x000000042d900000)]
  0x00000151651a6000 JavaThread "Build operations" [_thread_blocked, id=17052, stack(0x000000042d900000,0x000000042da00000)]
  0x00000151651a1000 JavaThread "Build operations Thread 2" [_thread_blocked, id=12032, stack(0x000000042da00000,0x000000042db00000)]
  0x00000151651a3800 JavaThread "Build operations Thread 3" [_thread_blocked, id=6408, stack(0x000000042db00000,0x000000042dc00000)]
  0x00000151651a4800 JavaThread "Build operations Thread 4" [_thread_blocked, id=21348, stack(0x000000042dc00000,0x000000042dd00000)]
  0x00000151651a0800 JavaThread "Build operations Thread 5" [_thread_blocked, id=15588, stack(0x000000042dd00000,0x000000042de00000)]
  0x00000151651a7800 JavaThread "Build operations Thread 6" [_thread_blocked, id=5048, stack(0x000000042de00000,0x000000042df00000)]
  0x00000151651a7000 JavaThread "Build operations Thread 7" [_thread_blocked, id=10348, stack(0x000000042df00000,0x000000042e000000)]
  0x00000151651ab000 JavaThread "Build operations Thread 8" [_thread_blocked, id=19012, stack(0x000000042e000000,0x000000042e100000)]
  0x00000151651ad800 JavaThread "Build operations Thread 9" [_thread_blocked, id=9064, stack(0x000000042e100000,0x000000042e200000)]
  0x00000151651aa000 JavaThread "Build operations Thread 10" [_thread_blocked, id=10344, stack(0x000000042e200000,0x000000042e300000)]
  0x00000151651ae000 JavaThread "Build operations Thread 11" [_thread_blocked, id=17024, stack(0x000000042e300000,0x000000042e400000)]
  0x00000151651a8800 JavaThread "Build operations Thread 12" [_thread_blocked, id=13132, stack(0x000000042e400000,0x000000042e500000)]
  0x00000151651ab800 JavaThread "jar transforms Thread 4" [_thread_blocked, id=6036, stack(0x000000042e500000,0x000000042e600000)]
  0x00000151651ac800 JavaThread "jar transforms Thread 5" [_thread_blocked, id=19572, stack(0x000000042e600000,0x000000042e700000)]
  0x00000151651af000 JavaThread "jar transforms Thread 6" [_thread_blocked, id=22468, stack(0x000000042e700000,0x000000042e800000)]
  0x00000151651a9800 JavaThread "jar transforms Thread 7" [_thread_blocked, id=18488, stack(0x000000042e800000,0x000000042e900000)]
  0x0000015165918800 JavaThread "jar transforms Thread 8" [_thread_blocked, id=13036, stack(0x000000042e900000,0x000000042ea00000)]
  0x0000015165915000 JavaThread "jar transforms Thread 9" [_thread_blocked, id=6776, stack(0x000000042ea00000,0x000000042eb00000)]
  0x0000015165912800 JavaThread "jar transforms Thread 10" [_thread_blocked, id=12020, stack(0x000000042eb00000,0x000000042ec00000)]
  0x0000015165916000 JavaThread "jar transforms Thread 11" [_thread_blocked, id=7060, stack(0x000000042ec00000,0x000000042ed00000)]
  0x0000015165913800 JavaThread "jar transforms Thread 12" [_thread_blocked, id=17044, stack(0x000000042ed00000,0x000000042ee00000)]
  0x0000015165914000 JavaThread "Memory manager" [_thread_blocked, id=21068, stack(0x000000042d200000,0x000000042d300000)]
  0x00000151632f7800 JavaThread "C2 CompilerThread1" daemon [_thread_in_native, id=6740, stack(0x000000042ca00000,0x000000042cb00000)]
  0x000001516355d800 JavaThread "C2 CompilerThread2" daemon [_thread_blocked, id=21248, stack(0x000000042ee00000,0x000000042ef00000)]

Other Threads:
  0x0000015161b42800 VMThread "VM Thread" [stack: 0x000000042a700000,0x000000042a800000] [id=19236]
  0x0000015161d68800 WatcherThread [stack: 0x000000042b100000,0x000000042b200000] [id=5684]
  0x0000015144a58000 GCTaskThread "GC Thread#0" [stack: 0x000000042a200000,0x000000042a300000] [id=4472]
  0x0000015162839000 GCTaskThread "GC Thread#1" [stack: 0x000000042b300000,0x000000042b400000] [id=20544]
  0x00000151627e9000 GCTaskThread "GC Thread#2" [stack: 0x000000042b400000,0x000000042b500000] [id=17060]
  0x0000015162be8800 GCTaskThread "GC Thread#3" [stack: 0x000000042b500000,0x000000042b600000] [id=17504]
  0x0000015162de1800 GCTaskThread "GC Thread#4" [stack: 0x000000042b600000,0x000000042b700000] [id=10208]
  0x0000015162de0000 GCTaskThread "GC Thread#5" [stack: 0x000000042b700000,0x000000042b800000] [id=17976]
  0x0000015162ddf000 GCTaskThread "GC Thread#6" [stack: 0x000000042c300000,0x000000042c400000] [id=20424]
  0x0000015162ddb800 GCTaskThread "GC Thread#7" [stack: 0x000000042c400000,0x000000042c500000] [id=23120]
  0x0000015162de2000 GCTaskThread "GC Thread#8" [stack: 0x000000042c500000,0x000000042c600000] [id=20204]
  0x0000015162de3000 GCTaskThread "GC Thread#9" [stack: 0x000000042c600000,0x000000042c700000] [id=7372]
  0x0000015144a8a000 ConcurrentGCThread "G1 Main Marker" [stack: 0x000000042a300000,0x000000042a400000] [id=18208]
  0x0000015144a8b800 ConcurrentGCThread "G1 Conc#0" [stack: 0x000000042a400000,0x000000042a500000] [id=10456]
  0x0000015162dde000 ConcurrentGCThread "G1 Conc#1" [stack: 0x000000042c700000,0x000000042c800000] [id=11396]
  0x0000015162dde800 ConcurrentGCThread "G1 Conc#2" [stack: 0x000000042c800000,0x000000042c900000] [id=22008]
  0x000001516118e800 ConcurrentGCThread "G1 Refine#0" [stack: 0x000000042a500000,0x000000042a600000] [id=18576]
  0x000001516118f800 ConcurrentGCThread "G1 Young RemSet Sampling" [stack: 0x000000042a600000,0x000000042a700000] [id=18808]

Threads with active compile tasks:
C2 CompilerThread0  15983 6815       4       org.gradle.internal.instantiation.generator.AbstractClassGenerator::inspectType (560 bytes)
C2 CompilerThread1  15983 6718       4       java.beans.MethodRef::set (58 bytes)

VM state:not at safepoint (normal execution)

VM Mutex/Monitor currently owned by a thread: None

Heap address: 0x0000000080000000, size: 2048 MB, Compressed Oops mode: 32-bit
Narrow klass base: 0x0000000000000000, Narrow klass shift: 3
Compressed class space size: 1073741824 Address: 0x0000000100000000

Heap:
 garbage-first heap   total 262144K, used 54714K [0x0000000080000000, 0x0000000100000000)
  region size 1024K, 22 young (22528K), 20 survivors (20480K)
 Metaspace       used 71373K, capacity 73097K, committed 73380K, reserved 1114112K
  class space    used 9206K, capacity 9804K, committed 9856K, reserved 1048576K
Heap Regions: E=young(eden), S=young(survivor), O=old, HS=humongous(starts), HC=humongous(continues), CS=collection set, F=free, A=archive, TAMS=top-at-mark-start (previous, next)
|   0|0x0000000080000000, 0x0000000080100000, 0x0000000080100000|100%| O|  |TAMS 0x0000000080100000, 0x0000000080000000| Untracked 
|   1|0x0000000080100000, 0x0000000080200000, 0x0000000080200000|100%| O|  |TAMS 0x0000000080200000, 0x0000000080100000| Untracked 
|   2|0x0000000080200000, 0x0000000080300000, 0x0000000080300000|100%| O|  |TAMS 0x0000000080300000, 0x0000000080200000| Untracked 
|   3|0x0000000080300000, 0x0000000080400000, 0x0000000080400000|100%|HS|  |TAMS 0x0000000080400000, 0x0000000080300000| Complete 
|   4|0x0000000080400000, 0x0000000080500000, 0x0000000080500000|100%|HC|  |TAMS 0x0000000080500000, 0x0000000080400000| Complete 
|   5|0x0000000080500000, 0x0000000080600000, 0x0000000080600000|100%|HC|  |TAMS 0x0000000080600000, 0x0000000080500000| Complete 
|   6|0x0000000080600000, 0x0000000080700000, 0x0000000080700000|100%| O|  |TAMS 0x0000000080700000, 0x0000000080600000| Untracked 
|   7|0x0000000080700000, 0x0000000080800000, 0x0000000080800000|100%| O|  |TAMS 0x0000000080800000, 0x0000000080700000| Untracked 
|   8|0x0000000080800000, 0x0000000080900000, 0x0000000080900000|100%| O|  |TAMS 0x0000000080900000, 0x0000000080800000| Untracked 
|   9|0x0000000080900000, 0x0000000080a00000, 0x0000000080a00000|100%| O|  |TAMS 0x0000000080a00000, 0x0000000080900000| Untracked 
|  10|0x0000000080a00000, 0x0000000080b00000, 0x0000000080b00000|100%| O|  |TAMS 0x0000000080b00000, 0x0000000080a00000| Untracked 
|  11|0x0000000080b00000, 0x0000000080c00000, 0x0000000080c00000|100%| O|  |TAMS 0x0000000080c00000, 0x0000000080b00000| Untracked 
|  12|0x0000000080c00000, 0x0000000080d00000, 0x0000000080d00000|100%| O|  |TAMS 0x0000000080d00000, 0x0000000080c00000| Untracked 
|  13|0x0000000080d00000, 0x0000000080e00000, 0x0000000080e00000|100%| O|  |TAMS 0x0000000080e00000, 0x0000000080d00000| Untracked 
|  14|0x0000000080e00000, 0x0000000080f00000, 0x0000000080f00000|100%| O|  |TAMS 0x0000000080f00000, 0x0000000080e00000| Untracked 
|  15|0x0000000080f00000, 0x0000000081000000, 0x0000000081000000|100%| O|  |TAMS 0x0000000081000000, 0x0000000080f00000| Untracked 
|  16|0x0000000081000000, 0x0000000081100000, 0x0000000081100000|100%| O|  |TAMS 0x0000000081100000, 0x0000000081000000| Untracked 
|  17|0x0000000081100000, 0x0000000081200000, 0x0000000081200000|100%|HS|  |TAMS 0x0000000081200000, 0x0000000081100000| Complete 
|  18|0x0000000081200000, 0x0000000081300000, 0x0000000081300000|100%|HS|  |TAMS 0x0000000081300000, 0x0000000081200000| Complete 
|  19|0x0000000081300000, 0x0000000081400000, 0x0000000081400000|100%|HS|  |TAMS 0x0000000081400000, 0x0000000081300000| Complete 
|  20|0x0000000081400000, 0x0000000081500000, 0x0000000081500000|100%|HC|  |TAMS 0x0000000081500000, 0x0000000081400000| Complete 
|  21|0x0000000081500000, 0x0000000081600000, 0x0000000081600000|100%| O|  |TAMS 0x0000000081600000, 0x0000000081500000| Untracked 
|  22|0x0000000081600000, 0x0000000081700000, 0x0000000081700000|100%| O|  |TAMS 0x0000000081700000, 0x0000000081600000| Untracked 
|  23|0x0000000081700000, 0x0000000081800000, 0x0000000081800000|100%| O|  |TAMS 0x0000000081800000, 0x0000000081700000| Untracked 
|  24|0x0000000081800000, 0x0000000081900000, 0x0000000081900000|100%| O|  |TAMS 0x0000000081900000, 0x0000000081800000| Untracked 
|  25|0x0000000081900000, 0x0000000081a00000, 0x0000000081a00000|100%| O|  |TAMS 0x0000000081951200, 0x0000000081900000| Untracked 
|  26|0x0000000081a00000, 0x0000000081a00000, 0x0000000081b00000|  0%| F|  |TAMS 0x0000000081a00000, 0x0000000081a00000| Untracked 
|  27|0x0000000081b00000, 0x0000000081c00000, 0x0000000081c00000|100%| O|  |TAMS 0x0000000081b00000, 0x0000000081b00000| Untracked 
|  28|0x0000000081c00000, 0x0000000081d00000, 0x0000000081d00000|100%| O|  |TAMS 0x0000000081c00000, 0x0000000081c00000| Untracked 
|  29|0x0000000081d00000, 0x0000000081e00000, 0x0000000081e00000|100%| O|  |TAMS 0x0000000081d00000, 0x0000000081d00000| Untracked 
|  30|0x0000000081e00000, 0x0000000081f00000, 0x0000000081f00000|100%| O|  |TAMS 0x0000000081e00000, 0x0000000081e00000| Untracked 
|  31|0x0000000081f00000, 0x0000000082000000, 0x0000000082000000|100%| O|  |TAMS 0x0000000081f00000, 0x0000000081f00000| Untracked 
|  32|0x0000000082000000, 0x0000000082100000, 0x0000000082100000|100%| O|  |TAMS 0x0000000082000000, 0x0000000082000000| Untracked 
|  33|0x0000000082100000, 0x000000008216e800, 0x0000000082200000| 43%| O|  |TAMS 0x0000000082100000, 0x0000000082100000| Untracked 
|  34|0x0000000082200000, 0x0000000082200000, 0x0000000082300000|  0%| F|  |TAMS 0x0000000082200000, 0x0000000082200000| Untracked 
|  35|0x0000000082300000, 0x0000000082300000, 0x0000000082400000|  0%| F|  |TAMS 0x0000000082300000, 0x0000000082300000| Untracked 
|  36|0x0000000082400000, 0x0000000082400000, 0x0000000082500000|  0%| F|  |TAMS 0x0000000082400000, 0x0000000082400000| Untracked 
|  37|0x0000000082500000, 0x0000000082500000, 0x0000000082600000|  0%| F|  |TAMS 0x0000000082500000, 0x0000000082500000| Untracked 
|  38|0x0000000082600000, 0x0000000082600000, 0x0000000082700000|  0%| F|  |TAMS 0x0000000082600000, 0x0000000082600000| Untracked 
|  39|0x0000000082700000, 0x0000000082700000, 0x0000000082800000|  0%| F|  |TAMS 0x0000000082700000, 0x0000000082700000| Untracked 
|  40|0x0000000082800000, 0x0000000082800000, 0x0000000082900000|  0%| F|  |TAMS 0x0000000082800000, 0x0000000082800000| Untracked 
|  41|0x0000000082900000, 0x0000000082900000, 0x0000000082a00000|  0%| F|  |TAMS 0x0000000082900000, 0x0000000082900000| Untracked 
|  42|0x0000000082a00000, 0x0000000082a00000, 0x0000000082b00000|  0%| F|  |TAMS 0x0000000082a00000, 0x0000000082a00000| Untracked 
|  43|0x0000000082b00000, 0x0000000082b00000, 0x0000000082c00000|  0%| F|  |TAMS 0x0000000082b00000, 0x0000000082b00000| Untracked 
|  44|0x0000000082c00000, 0x0000000082c00000, 0x0000000082d00000|  0%| F|  |TAMS 0x0000000082c00000, 0x0000000082c00000| Untracked 
|  45|0x0000000082d00000, 0x0000000082d00000, 0x0000000082e00000|  0%| F|  |TAMS 0x0000000082d00000, 0x0000000082d00000| Untracked 
|  46|0x0000000082e00000, 0x0000000082e00000, 0x0000000082f00000|  0%| F|  |TAMS 0x0000000082e00000, 0x0000000082e00000| Untracked 
|  47|0x0000000082f00000, 0x0000000082f00000, 0x0000000083000000|  0%| F|  |TAMS 0x0000000082f00000, 0x0000000082f00000| Untracked 
|  48|0x0000000083000000, 0x0000000083000000, 0x0000000083100000|  0%| F|  |TAMS 0x0000000083000000, 0x0000000083000000| Untracked 
|  49|0x0000000083100000, 0x0000000083100000, 0x0000000083200000|  0%| F|  |TAMS 0x0000000083100000, 0x0000000083100000| Untracked 
|  50|0x0000000083200000, 0x0000000083200000, 0x0000000083300000|  0%| F|  |TAMS 0x0000000083200000, 0x0000000083200000| Untracked 
|  51|0x0000000083300000, 0x0000000083300000, 0x0000000083400000|  0%| F|  |TAMS 0x0000000083300000, 0x0000000083300000| Untracked 
|  52|0x0000000083400000, 0x0000000083400000, 0x0000000083500000|  0%| F|  |TAMS 0x0000000083400000, 0x0000000083400000| Untracked 
|  53|0x0000000083500000, 0x0000000083500000, 0x0000000083600000|  0%| F|  |TAMS 0x0000000083500000, 0x0000000083500000| Untracked 
|  54|0x0000000083600000, 0x0000000083600000, 0x0000000083700000|  0%| F|  |TAMS 0x0000000083600000, 0x0000000083600000| Untracked 
|  55|0x0000000083700000, 0x0000000083700000, 0x0000000083800000|  0%| F|  |TAMS 0x0000000083700000, 0x0000000083700000| Untracked 
|  56|0x0000000083800000, 0x0000000083800000, 0x0000000083900000|  0%| F|  |TAMS 0x0000000083800000, 0x0000000083800000| Untracked 
|  57|0x0000000083900000, 0x0000000083900000, 0x0000000083a00000|  0%| F|  |TAMS 0x0000000083900000, 0x0000000083900000| Untracked 
|  58|0x0000000083a00000, 0x0000000083a00000, 0x0000000083b00000|  0%| F|  |TAMS 0x0000000083a00000, 0x0000000083a00000| Untracked 
|  59|0x0000000083b00000, 0x0000000083b00000, 0x0000000083c00000|  0%| F|  |TAMS 0x0000000083b00000, 0x0000000083b00000| Untracked 
|  60|0x0000000083c00000, 0x0000000083c00000, 0x0000000083d00000|  0%| F|  |TAMS 0x0000000083c00000, 0x0000000083c00000| Untracked 
|  61|0x0000000083d00000, 0x0000000083d00000, 0x0000000083e00000|  0%| F|  |TAMS 0x0000000083d00000, 0x0000000083d00000| Untracked 
|  62|0x0000000083e00000, 0x0000000083e00000, 0x0000000083f00000|  0%| F|  |TAMS 0x0000000083e00000, 0x0000000083e00000| Untracked 
|  63|0x0000000083f00000, 0x0000000083f00000, 0x0000000084000000|  0%| F|  |TAMS 0x0000000083f00000, 0x0000000083f00000| Untracked 
|  64|0x0000000084000000, 0x0000000084000000, 0x0000000084100000|  0%| F|  |TAMS 0x0000000084000000, 0x0000000084000000| Untracked 
|  65|0x0000000084100000, 0x0000000084100000, 0x0000000084200000|  0%| F|  |TAMS 0x0000000084100000, 0x0000000084100000| Untracked 
|  66|0x0000000084200000, 0x0000000084200000, 0x0000000084300000|  0%| F|  |TAMS 0x0000000084200000, 0x0000000084200000| Untracked 
|  67|0x0000000084300000, 0x0000000084300000, 0x0000000084400000|  0%| F|  |TAMS 0x0000000084300000, 0x0000000084300000| Untracked 
|  68|0x0000000084400000, 0x0000000084400000, 0x0000000084500000|  0%| F|  |TAMS 0x0000000084400000, 0x0000000084400000| Untracked 
|  69|0x0000000084500000, 0x0000000084500000, 0x0000000084600000|  0%| F|  |TAMS 0x0000000084500000, 0x0000000084500000| Untracked 
|  70|0x0000000084600000, 0x0000000084600000, 0x0000000084700000|  0%| F|  |TAMS 0x0000000084600000, 0x0000000084600000| Untracked 
|  71|0x0000000084700000, 0x0000000084700000, 0x0000000084800000|  0%| F|  |TAMS 0x0000000084700000, 0x0000000084700000| Untracked 
|  72|0x0000000084800000, 0x0000000084800000, 0x0000000084900000|  0%| F|  |TAMS 0x0000000084800000, 0x0000000084800000| Untracked 
|  73|0x0000000084900000, 0x0000000084900000, 0x0000000084a00000|  0%| F|  |TAMS 0x0000000084900000, 0x0000000084900000| Untracked 
|  74|0x0000000084a00000, 0x0000000084a00000, 0x0000000084b00000|  0%| F|  |TAMS 0x0000000084a00000, 0x0000000084a00000| Untracked 
|  75|0x0000000084b00000, 0x0000000084b00000, 0x0000000084c00000|  0%| F|  |TAMS 0x0000000084b00000, 0x0000000084b00000| Untracked 
|  76|0x0000000084c00000, 0x0000000084c00000, 0x0000000084d00000|  0%| F|  |TAMS 0x0000000084c00000, 0x0000000084c00000| Untracked 
|  77|0x0000000084d00000, 0x0000000084d00000, 0x0000000084e00000|  0%| F|  |TAMS 0x0000000084d00000, 0x0000000084d00000| Untracked 
|  78|0x0000000084e00000, 0x0000000084e00000, 0x0000000084f00000|  0%| F|  |TAMS 0x0000000084e00000, 0x0000000084e00000| Untracked 
|  79|0x0000000084f00000, 0x0000000084f00000, 0x0000000085000000|  0%| F|  |TAMS 0x0000000084f00000, 0x0000000084f00000| Untracked 
|  80|0x0000000085000000, 0x0000000085000000, 0x0000000085100000|  0%| F|  |TAMS 0x0000000085000000, 0x0000000085000000| Untracked 
|  81|0x0000000085100000, 0x0000000085100000, 0x0000000085200000|  0%| F|  |TAMS 0x0000000085100000, 0x0000000085100000| Untracked 
|  82|0x0000000085200000, 0x0000000085200000, 0x0000000085300000|  0%| F|  |TAMS 0x0000000085200000, 0x0000000085200000| Untracked 
|  83|0x0000000085300000, 0x0000000085400000, 0x0000000085400000|100%| S|CS|TAMS 0x0000000085300000, 0x0000000085300000| Complete 
|  84|0x0000000085400000, 0x0000000085500000, 0x0000000085500000|100%| S|CS|TAMS 0x0000000085400000, 0x0000000085400000| Complete 
|  85|0x0000000085500000, 0x0000000085600000, 0x0000000085600000|100%| S|CS|TAMS 0x0000000085500000, 0x0000000085500000| Complete 
|  86|0x0000000085600000, 0x0000000085700000, 0x0000000085700000|100%| S|CS|TAMS 0x0000000085600000, 0x0000000085600000| Complete 
|  87|0x0000000085700000, 0x0000000085800000, 0x0000000085800000|100%| S|CS|TAMS 0x0000000085700000, 0x0000000085700000| Complete 
|  88|0x0000000085800000, 0x0000000085900000, 0x0000000085900000|100%| S|CS|TAMS 0x0000000085800000, 0x0000000085800000| Complete 
|  89|0x0000000085900000, 0x0000000085a00000, 0x0000000085a00000|100%| S|CS|TAMS 0x0000000085900000, 0x0000000085900000| Complete 
|  90|0x0000000085a00000, 0x0000000085b00000, 0x0000000085b00000|100%| S|CS|TAMS 0x0000000085a00000, 0x0000000085a00000| Complete 
|  91|0x0000000085b00000, 0x0000000085c00000, 0x0000000085c00000|100%| S|CS|TAMS 0x0000000085b00000, 0x0000000085b00000| Complete 
|  92|0x0000000085c00000, 0x0000000085d00000, 0x0000000085d00000|100%| S|CS|TAMS 0x0000000085c00000, 0x0000000085c00000| Complete 
|  93|0x0000000085d00000, 0x0000000085e00000, 0x0000000085e00000|100%| S|CS|TAMS 0x0000000085d00000, 0x0000000085d00000| Complete 
|  94|0x0000000085e00000, 0x0000000085f00000, 0x0000000085f00000|100%| S|CS|TAMS 0x0000000085e00000, 0x0000000085e00000| Complete 
|  95|0x0000000085f00000, 0x0000000086000000, 0x0000000086000000|100%| S|CS|TAMS 0x0000000085f00000, 0x0000000085f00000| Complete 
|  96|0x0000000086000000, 0x0000000086100000, 0x0000000086100000|100%| S|CS|TAMS 0x0000000086000000, 0x0000000086000000| Complete 
|  97|0x0000000086100000, 0x0000000086200000, 0x0000000086200000|100%| S|CS|TAMS 0x0000000086100000, 0x0000000086100000| Complete 
|  98|0x0000000086200000, 0x0000000086300000, 0x0000000086300000|100%| S|CS|TAMS 0x0000000086200000, 0x0000000086200000| Complete 
|  99|0x0000000086300000, 0x0000000086400000, 0x0000000086400000|100%| S|CS|TAMS 0x0000000086300000, 0x0000000086300000| Complete 
| 100|0x0000000086400000, 0x0000000086500000, 0x0000000086500000|100%| S|CS|TAMS 0x0000000086400000, 0x0000000086400000| Complete 
| 101|0x0000000086500000, 0x0000000086600000, 0x0000000086600000|100%| S|CS|TAMS 0x0000000086500000, 0x0000000086500000| Complete 
| 102|0x0000000086600000, 0x0000000086700000, 0x0000000086700000|100%| S|CS|TAMS 0x0000000086600000, 0x0000000086600000| Complete 
| 103|0x0000000086700000, 0x0000000086700000, 0x0000000086800000|  0%| F|  |TAMS 0x0000000086700000, 0x0000000086700000| Untracked 
| 104|0x0000000086800000, 0x0000000086800000, 0x0000000086900000|  0%| F|  |TAMS 0x0000000086800000, 0x0000000086800000| Untracked 
| 105|0x0000000086900000, 0x0000000086900000, 0x0000000086a00000|  0%| F|  |TAMS 0x0000000086900000, 0x0000000086900000| Untracked 
| 106|0x0000000086a00000, 0x0000000086a00000, 0x0000000086b00000|  0%| F|  |TAMS 0x0000000086a00000, 0x0000000086a00000| Untracked 
| 107|0x0000000086b00000, 0x0000000086b00000, 0x0000000086c00000|  0%| F|  |TAMS 0x0000000086b00000, 0x0000000086b00000| Untracked 
| 108|0x0000000086c00000, 0x0000000086c00000, 0x0000000086d00000|  0%| F|  |TAMS 0x0000000086c00000, 0x0000000086c00000| Untracked 
| 109|0x0000000086d00000, 0x0000000086d00000, 0x0000000086e00000|  0%| F|  |TAMS 0x0000000086d00000, 0x0000000086d00000| Untracked 
| 110|0x0000000086e00000, 0x0000000086e00000, 0x0000000086f00000|  0%| F|  |TAMS 0x0000000086e00000, 0x0000000086e00000| Untracked 
| 111|0x0000000086f00000, 0x0000000086f00000, 0x0000000087000000|  0%| F|  |TAMS 0x0000000086f00000, 0x0000000086f00000| Untracked 
| 112|0x0000000087000000, 0x0000000087000000, 0x0000000087100000|  0%| F|  |TAMS 0x0000000087000000, 0x0000000087000000| Untracked 
| 113|0x0000000087100000, 0x0000000087100000, 0x0000000087200000|  0%| F|  |TAMS 0x0000000087100000, 0x0000000087100000| Untracked 
| 114|0x0000000087200000, 0x0000000087200000, 0x0000000087300000|  0%| F|  |TAMS 0x0000000087200000, 0x0000000087200000| Untracked 
| 115|0x0000000087300000, 0x0000000087300000, 0x0000000087400000|  0%| F|  |TAMS 0x0000000087300000, 0x0000000087300000| Untracked 
| 116|0x0000000087400000, 0x0000000087400000, 0x0000000087500000|  0%| F|  |TAMS 0x0000000087400000, 0x0000000087400000| Untracked 
| 117|0x0000000087500000, 0x0000000087500000, 0x0000000087600000|  0%| F|  |TAMS 0x0000000087500000, 0x0000000087500000| Untracked 
| 118|0x0000000087600000, 0x0000000087600000, 0x0000000087700000|  0%| F|  |TAMS 0x0000000087600000, 0x0000000087600000| Untracked 
| 119|0x0000000087700000, 0x0000000087700000, 0x0000000087800000|  0%| F|  |TAMS 0x0000000087700000, 0x0000000087700000| Untracked 
| 120|0x0000000087800000, 0x0000000087800000, 0x0000000087900000|  0%| F|  |TAMS 0x0000000087800000, 0x0000000087800000| Untracked 
| 121|0x0000000087900000, 0x0000000087900000, 0x0000000087a00000|  0%| F|  |TAMS 0x0000000087900000, 0x0000000087900000| Untracked 
| 122|0x0000000087a00000, 0x0000000087a00000, 0x0000000087b00000|  0%| F|  |TAMS 0x0000000087a00000, 0x0000000087a00000| Untracked 
| 123|0x0000000087b00000, 0x0000000087b00000, 0x0000000087c00000|  0%| F|  |TAMS 0x0000000087b00000, 0x0000000087b00000| Untracked 
| 124|0x0000000087c00000, 0x0000000087c00000, 0x0000000087d00000|  0%| F|  |TAMS 0x0000000087c00000, 0x0000000087c00000| Untracked 
| 125|0x0000000087d00000, 0x0000000087d00000, 0x0000000087e00000|  0%| F|  |TAMS 0x0000000087d00000, 0x0000000087d00000| Untracked 
| 126|0x0000000087e00000, 0x0000000087e00000, 0x0000000087f00000|  0%| F|  |TAMS 0x0000000087e00000, 0x0000000087e00000| Untracked 
| 127|0x0000000087f00000, 0x0000000087f00000, 0x0000000088000000|  0%| F|  |TAMS 0x0000000087f00000, 0x0000000087f00000| Untracked 
| 128|0x0000000088000000, 0x0000000088000000, 0x0000000088100000|  0%| F|  |TAMS 0x0000000088000000, 0x0000000088000000| Untracked 
| 129|0x0000000088100000, 0x0000000088100000, 0x0000000088200000|  0%| F|  |TAMS 0x0000000088100000, 0x0000000088100000| Untracked 
| 130|0x0000000088200000, 0x0000000088200000, 0x0000000088300000|  0%| F|  |TAMS 0x0000000088200000, 0x0000000088200000| Untracked 
| 131|0x0000000088300000, 0x0000000088300000, 0x0000000088400000|  0%| F|  |TAMS 0x0000000088300000, 0x0000000088300000| Untracked 
| 132|0x0000000088400000, 0x0000000088400000, 0x0000000088500000|  0%| F|  |TAMS 0x0000000088400000, 0x0000000088400000| Untracked 
| 133|0x0000000088500000, 0x0000000088500000, 0x0000000088600000|  0%| F|  |TAMS 0x0000000088500000, 0x0000000088500000| Untracked 
| 134|0x0000000088600000, 0x0000000088600000, 0x0000000088700000|  0%| F|  |TAMS 0x0000000088600000, 0x0000000088600000| Untracked 
| 135|0x0000000088700000, 0x0000000088700000, 0x0000000088800000|  0%| F|  |TAMS 0x0000000088700000, 0x0000000088700000| Untracked 
| 136|0x0000000088800000, 0x0000000088800000, 0x0000000088900000|  0%| F|  |TAMS 0x0000000088800000, 0x0000000088800000| Untracked 
| 137|0x0000000088900000, 0x0000000088900000, 0x0000000088a00000|  0%| F|  |TAMS 0x0000000088900000, 0x0000000088900000| Untracked 
| 138|0x0000000088a00000, 0x0000000088a00000, 0x0000000088b00000|  0%| F|  |TAMS 0x0000000088a00000, 0x0000000088a00000| Untracked 
| 139|0x0000000088b00000, 0x0000000088b00000, 0x0000000088c00000|  0%| F|  |TAMS 0x0000000088b00000, 0x0000000088b00000| Untracked 
| 140|0x0000000088c00000, 0x0000000088c00000, 0x0000000088d00000|  0%| F|  |TAMS 0x0000000088c00000, 0x0000000088c00000| Untracked 
| 141|0x0000000088d00000, 0x0000000088d00000, 0x0000000088e00000|  0%| F|  |TAMS 0x0000000088d00000, 0x0000000088d00000| Untracked 
| 142|0x0000000088e00000, 0x0000000088e00000, 0x0000000088f00000|  0%| F|  |TAMS 0x0000000088e00000, 0x0000000088e00000| Untracked 
| 143|0x0000000088f00000, 0x0000000088f00000, 0x0000000089000000|  0%| F|  |TAMS 0x0000000088f00000, 0x0000000088f00000| Untracked 
| 144|0x0000000089000000, 0x0000000089000000, 0x0000000089100000|  0%| F|  |TAMS 0x0000000089000000, 0x0000000089000000| Untracked 
| 145|0x0000000089100000, 0x0000000089100000, 0x0000000089200000|  0%| F|  |TAMS 0x0000000089100000, 0x0000000089100000| Untracked 
| 146|0x0000000089200000, 0x0000000089200000, 0x0000000089300000|  0%| F|  |TAMS 0x0000000089200000, 0x0000000089200000| Untracked 
| 147|0x0000000089300000, 0x0000000089300000, 0x0000000089400000|  0%| F|  |TAMS 0x0000000089300000, 0x0000000089300000| Untracked 
| 148|0x0000000089400000, 0x0000000089400000, 0x0000000089500000|  0%| F|  |TAMS 0x0000000089400000, 0x0000000089400000| Untracked 
| 149|0x0000000089500000, 0x0000000089500000, 0x0000000089600000|  0%| F|  |TAMS 0x0000000089500000, 0x0000000089500000| Untracked 
| 150|0x0000000089600000, 0x0000000089600000, 0x0000000089700000|  0%| F|  |TAMS 0x0000000089600000, 0x0000000089600000| Untracked 
| 151|0x0000000089700000, 0x0000000089700000, 0x0000000089800000|  0%| F|  |TAMS 0x0000000089700000, 0x0000000089700000| Untracked 
| 152|0x0000000089800000, 0x0000000089800000, 0x0000000089900000|  0%| F|  |TAMS 0x0000000089800000, 0x0000000089800000| Untracked 
| 153|0x0000000089900000, 0x0000000089900000, 0x0000000089a00000|  0%| F|  |TAMS 0x0000000089900000, 0x0000000089900000| Untracked 
| 154|0x0000000089a00000, 0x0000000089a00000, 0x0000000089b00000|  0%| F|  |TAMS 0x0000000089a00000, 0x0000000089a00000| Untracked 
| 155|0x0000000089b00000, 0x0000000089b00000, 0x0000000089c00000|  0%| F|  |TAMS 0x0000000089b00000, 0x0000000089b00000| Untracked 
| 156|0x0000000089c00000, 0x0000000089c00000, 0x0000000089d00000|  0%| F|  |TAMS 0x0000000089c00000, 0x0000000089c00000| Untracked 
| 157|0x0000000089d00000, 0x0000000089d00000, 0x0000000089e00000|  0%| F|  |TAMS 0x0000000089d00000, 0x0000000089d00000| Untracked 
| 158|0x0000000089e00000, 0x0000000089e00000, 0x0000000089f00000|  0%| F|  |TAMS 0x0000000089e00000, 0x0000000089e00000| Untracked 
| 159|0x0000000089f00000, 0x0000000089f00000, 0x000000008a000000|  0%| F|  |TAMS 0x0000000089f00000, 0x0000000089f00000| Untracked 
| 160|0x000000008a000000, 0x000000008a000000, 0x000000008a100000|  0%| F|  |TAMS 0x000000008a000000, 0x000000008a000000| Untracked 
| 161|0x000000008a100000, 0x000000008a100000, 0x000000008a200000|  0%| F|  |TAMS 0x000000008a100000, 0x000000008a100000| Untracked 
| 162|0x000000008a200000, 0x000000008a200000, 0x000000008a300000|  0%| F|  |TAMS 0x000000008a200000, 0x000000008a200000| Untracked 
| 163|0x000000008a300000, 0x000000008a300000, 0x000000008a400000|  0%| F|  |TAMS 0x000000008a300000, 0x000000008a300000| Untracked 
| 164|0x000000008a400000, 0x000000008a400000, 0x000000008a500000|  0%| F|  |TAMS 0x000000008a400000, 0x000000008a400000| Untracked 
| 165|0x000000008a500000, 0x000000008a500000, 0x000000008a600000|  0%| F|  |TAMS 0x000000008a500000, 0x000000008a500000| Untracked 
| 166|0x000000008a600000, 0x000000008a600000, 0x000000008a700000|  0%| F|  |TAMS 0x000000008a600000, 0x000000008a600000| Untracked 
| 167|0x000000008a700000, 0x000000008a700000, 0x000000008a800000|  0%| F|  |TAMS 0x000000008a700000, 0x000000008a700000| Untracked 
| 168|0x000000008a800000, 0x000000008a800000, 0x000000008a900000|  0%| F|  |TAMS 0x000000008a800000, 0x000000008a800000| Untracked 
| 169|0x000000008a900000, 0x000000008a900000, 0x000000008aa00000|  0%| F|  |TAMS 0x000000008a900000, 0x000000008a900000| Untracked 
| 170|0x000000008aa00000, 0x000000008aa00000, 0x000000008ab00000|  0%| F|  |TAMS 0x000000008aa00000, 0x000000008aa00000| Untracked 
| 171|0x000000008ab00000, 0x000000008ab00000, 0x000000008ac00000|  0%| F|  |TAMS 0x000000008ab00000, 0x000000008ab00000| Untracked 
| 172|0x000000008ac00000, 0x000000008ac00000, 0x000000008ad00000|  0%| F|  |TAMS 0x000000008ac00000, 0x000000008ac00000| Untracked 
| 173|0x000000008ad00000, 0x000000008ad00000, 0x000000008ae00000|  0%| F|  |TAMS 0x000000008ad00000, 0x000000008ad00000| Untracked 
| 174|0x000000008ae00000, 0x000000008ae00000, 0x000000008af00000|  0%| F|  |TAMS 0x000000008ae00000, 0x000000008ae00000| Untracked 
| 175|0x000000008af00000, 0x000000008af00000, 0x000000008b000000|  0%| F|  |TAMS 0x000000008af00000, 0x000000008af00000| Untracked 
| 176|0x000000008b000000, 0x000000008b000000, 0x000000008b100000|  0%| F|  |TAMS 0x000000008b000000, 0x000000008b000000| Untracked 
| 177|0x000000008b100000, 0x000000008b100000, 0x000000008b200000|  0%| F|  |TAMS 0x000000008b100000, 0x000000008b100000| Untracked 
| 178|0x000000008b200000, 0x000000008b200000, 0x000000008b300000|  0%| F|  |TAMS 0x000000008b200000, 0x000000008b200000| Untracked 
| 179|0x000000008b300000, 0x000000008b300000, 0x000000008b400000|  0%| F|  |TAMS 0x000000008b300000, 0x000000008b300000| Untracked 
| 180|0x000000008b400000, 0x000000008b400000, 0x000000008b500000|  0%| F|  |TAMS 0x000000008b400000, 0x000000008b400000| Untracked 
| 181|0x000000008b500000, 0x000000008b500000, 0x000000008b600000|  0%| F|  |TAMS 0x000000008b500000, 0x000000008b500000| Untracked 
| 182|0x000000008b600000, 0x000000008b600000, 0x000000008b700000|  0%| F|  |TAMS 0x000000008b600000, 0x000000008b600000| Untracked 
| 183|0x000000008b700000, 0x000000008b700000, 0x000000008b800000|  0%| F|  |TAMS 0x000000008b700000, 0x000000008b700000| Untracked 
| 184|0x000000008b800000, 0x000000008b800000, 0x000000008b900000|  0%| F|  |TAMS 0x000000008b800000, 0x000000008b800000| Untracked 
| 185|0x000000008b900000, 0x000000008b900000, 0x000000008ba00000|  0%| F|  |TAMS 0x000000008b900000, 0x000000008b900000| Untracked 
| 186|0x000000008ba00000, 0x000000008ba00000, 0x000000008bb00000|  0%| F|  |TAMS 0x000000008ba00000, 0x000000008ba00000| Untracked 
| 187|0x000000008bb00000, 0x000000008bb00000, 0x000000008bc00000|  0%| F|  |TAMS 0x000000008bb00000, 0x000000008bb00000| Untracked 
| 188|0x000000008bc00000, 0x000000008bc00000, 0x000000008bd00000|  0%| F|  |TAMS 0x000000008bc00000, 0x000000008bc00000| Untracked 
| 189|0x000000008bd00000, 0x000000008bd00000, 0x000000008be00000|  0%| F|  |TAMS 0x000000008bd00000, 0x000000008bd00000| Untracked 
| 190|0x000000008be00000, 0x000000008be00000, 0x000000008bf00000|  0%| F|  |TAMS 0x000000008be00000, 0x000000008be00000| Untracked 
| 191|0x000000008bf00000, 0x000000008bf00000, 0x000000008c000000|  0%| F|  |TAMS 0x000000008bf00000, 0x000000008bf00000| Untracked 
| 192|0x000000008c000000, 0x000000008c000000, 0x000000008c100000|  0%| F|  |TAMS 0x000000008c000000, 0x000000008c000000| Untracked 
| 193|0x000000008c100000, 0x000000008c100000, 0x000000008c200000|  0%| F|  |TAMS 0x000000008c100000, 0x000000008c100000| Untracked 
| 194|0x000000008c200000, 0x000000008c200000, 0x000000008c300000|  0%| F|  |TAMS 0x000000008c200000, 0x000000008c200000| Untracked 
| 195|0x000000008c300000, 0x000000008c300000, 0x000000008c400000|  0%| F|  |TAMS 0x000000008c300000, 0x000000008c300000| Untracked 
| 196|0x000000008c400000, 0x000000008c400000, 0x000000008c500000|  0%| F|  |TAMS 0x000000008c400000, 0x000000008c400000| Untracked 
| 197|0x000000008c500000, 0x000000008c500000, 0x000000008c600000|  0%| F|  |TAMS 0x000000008c500000, 0x000000008c500000| Untracked 
| 198|0x000000008c600000, 0x000000008c600000, 0x000000008c700000|  0%| F|  |TAMS 0x000000008c600000, 0x000000008c600000| Untracked 
| 199|0x000000008c700000, 0x000000008c700000, 0x000000008c800000|  0%| F|  |TAMS 0x000000008c700000, 0x000000008c700000| Untracked 
| 200|0x000000008c800000, 0x000000008c800000, 0x000000008c900000|  0%| F|  |TAMS 0x000000008c800000, 0x000000008c800000| Untracked 
| 201|0x000000008c900000, 0x000000008c900000, 0x000000008ca00000|  0%| F|  |TAMS 0x000000008c900000, 0x000000008c900000| Untracked 
| 202|0x000000008ca00000, 0x000000008ca00000, 0x000000008cb00000|  0%| F|  |TAMS 0x000000008ca00000, 0x000000008ca00000| Untracked 
| 203|0x000000008cb00000, 0x000000008cb00000, 0x000000008cc00000|  0%| F|  |TAMS 0x000000008cb00000, 0x000000008cb00000| Untracked 
| 204|0x000000008cc00000, 0x000000008cc00000, 0x000000008cd00000|  0%| F|  |TAMS 0x000000008cc00000, 0x000000008cc00000| Untracked 
| 205|0x000000008cd00000, 0x000000008cd00000, 0x000000008ce00000|  0%| F|  |TAMS 0x000000008cd00000, 0x000000008cd00000| Untracked 
| 206|0x000000008ce00000, 0x000000008ce00000, 0x000000008cf00000|  0%| F|  |TAMS 0x000000008ce00000, 0x000000008ce00000| Untracked 
| 207|0x000000008cf00000, 0x000000008cf00000, 0x000000008d000000|  0%| F|  |TAMS 0x000000008cf00000, 0x000000008cf00000| Untracked 
| 208|0x000000008d000000, 0x000000008d000000, 0x000000008d100000|  0%| F|  |TAMS 0x000000008d000000, 0x000000008d000000| Untracked 
| 209|0x000000008d100000, 0x000000008d100000, 0x000000008d200000|  0%| F|  |TAMS 0x000000008d100000, 0x000000008d100000| Untracked 
| 210|0x000000008d200000, 0x000000008d200000, 0x000000008d300000|  0%| F|  |TAMS 0x000000008d200000, 0x000000008d200000| Untracked 
| 211|0x000000008d300000, 0x000000008d300000, 0x000000008d400000|  0%| F|  |TAMS 0x000000008d300000, 0x000000008d300000| Untracked 
| 212|0x000000008d400000, 0x000000008d400000, 0x000000008d500000|  0%| F|  |TAMS 0x000000008d400000, 0x000000008d400000| Untracked 
| 213|0x000000008d500000, 0x000000008d500000, 0x000000008d600000|  0%| F|  |TAMS 0x000000008d500000, 0x000000008d500000| Untracked 
| 214|0x000000008d600000, 0x000000008d600000, 0x000000008d700000|  0%| F|  |TAMS 0x000000008d600000, 0x000000008d600000| Untracked 
| 215|0x000000008d700000, 0x000000008d700000, 0x000000008d800000|  0%| F|  |TAMS 0x000000008d700000, 0x000000008d700000| Untracked 
| 216|0x000000008d800000, 0x000000008d800000, 0x000000008d900000|  0%| F|  |TAMS 0x000000008d800000, 0x000000008d800000| Untracked 
| 217|0x000000008d900000, 0x000000008d900000, 0x000000008da00000|  0%| F|  |TAMS 0x000000008d900000, 0x000000008d900000| Untracked 
| 218|0x000000008da00000, 0x000000008da00000, 0x000000008db00000|  0%| F|  |TAMS 0x000000008da00000, 0x000000008da00000| Untracked 
| 219|0x000000008db00000, 0x000000008db00000, 0x000000008dc00000|  0%| F|  |TAMS 0x000000008db00000, 0x000000008db00000| Untracked 
| 220|0x000000008dc00000, 0x000000008dc00000, 0x000000008dd00000|  0%| F|  |TAMS 0x000000008dc00000, 0x000000008dc00000| Untracked 
| 221|0x000000008dd00000, 0x000000008dd00000, 0x000000008de00000|  0%| F|  |TAMS 0x000000008dd00000, 0x000000008dd00000| Untracked 
| 222|0x000000008de00000, 0x000000008de00000, 0x000000008df00000|  0%| F|  |TAMS 0x000000008de00000, 0x000000008de00000| Untracked 
| 223|0x000000008df00000, 0x000000008df00000, 0x000000008e000000|  0%| F|  |TAMS 0x000000008df00000, 0x000000008df00000| Untracked 
| 224|0x000000008e000000, 0x000000008e000000, 0x000000008e100000|  0%| F|  |TAMS 0x000000008e000000, 0x000000008e000000| Untracked 
| 225|0x000000008e100000, 0x000000008e100000, 0x000000008e200000|  0%| F|  |TAMS 0x000000008e100000, 0x000000008e100000| Untracked 
| 226|0x000000008e200000, 0x000000008e200000, 0x000000008e300000|  0%| F|  |TAMS 0x000000008e200000, 0x000000008e200000| Untracked 
| 227|0x000000008e300000, 0x000000008e300000, 0x000000008e400000|  0%| F|  |TAMS 0x000000008e300000, 0x000000008e300000| Untracked 
| 228|0x000000008e400000, 0x000000008e400000, 0x000000008e500000|  0%| F|  |TAMS 0x000000008e400000, 0x000000008e400000| Untracked 
| 229|0x000000008e500000, 0x000000008e500000, 0x000000008e600000|  0%| F|  |TAMS 0x000000008e500000, 0x000000008e500000| Untracked 
| 230|0x000000008e600000, 0x000000008e600000, 0x000000008e700000|  0%| F|  |TAMS 0x000000008e600000, 0x000000008e600000| Untracked 
| 231|0x000000008e700000, 0x000000008e700000, 0x000000008e800000|  0%| F|  |TAMS 0x000000008e700000, 0x000000008e700000| Untracked 
| 232|0x000000008e800000, 0x000000008e800000, 0x000000008e900000|  0%| F|  |TAMS 0x000000008e800000, 0x000000008e800000| Untracked 
| 233|0x000000008e900000, 0x000000008e900000, 0x000000008ea00000|  0%| F|  |TAMS 0x000000008e900000, 0x000000008e900000| Untracked 
| 234|0x000000008ea00000, 0x000000008ea00000, 0x000000008eb00000|  0%| F|  |TAMS 0x000000008ea00000, 0x000000008ea00000| Untracked 
| 235|0x000000008eb00000, 0x000000008eb00000, 0x000000008ec00000|  0%| F|  |TAMS 0x000000008eb00000, 0x000000008eb00000| Untracked 
| 236|0x000000008ec00000, 0x000000008ec00000, 0x000000008ed00000|  0%| F|  |TAMS 0x000000008ec00000, 0x000000008ec00000| Untracked 
| 237|0x000000008ed00000, 0x000000008ed00000, 0x000000008ee00000|  0%| F|  |TAMS 0x000000008ed00000, 0x000000008ed00000| Untracked 
| 238|0x000000008ee00000, 0x000000008ee00000, 0x000000008ef00000|  0%| F|  |TAMS 0x000000008ee00000, 0x000000008ee00000| Untracked 
| 239|0x000000008ef00000, 0x000000008ef00000, 0x000000008f000000|  0%| F|  |TAMS 0x000000008ef00000, 0x000000008ef00000| Untracked 
| 240|0x000000008f000000, 0x000000008f000000, 0x000000008f100000|  0%| F|  |TAMS 0x000000008f000000, 0x000000008f000000| Untracked 
| 241|0x000000008f100000, 0x000000008f100000, 0x000000008f200000|  0%| F|  |TAMS 0x000000008f100000, 0x000000008f100000| Untracked 
| 242|0x000000008f200000, 0x000000008f200000, 0x000000008f300000|  0%| F|  |TAMS 0x000000008f200000, 0x000000008f200000| Untracked 
| 243|0x000000008f300000, 0x000000008f300000, 0x000000008f400000|  0%| F|  |TAMS 0x000000008f300000, 0x000000008f300000| Untracked 
| 244|0x000000008f400000, 0x000000008f400000, 0x000000008f500000|  0%| F|  |TAMS 0x000000008f400000, 0x000000008f400000| Untracked 
| 245|0x000000008f500000, 0x000000008f500000, 0x000000008f600000|  0%| F|  |TAMS 0x000000008f500000, 0x000000008f500000| Untracked 
| 246|0x000000008f600000, 0x000000008f600000, 0x000000008f700000|  0%| F|  |TAMS 0x000000008f600000, 0x000000008f600000| Untracked 
| 247|0x000000008f700000, 0x000000008f700000, 0x000000008f800000|  0%| F|  |TAMS 0x000000008f700000, 0x000000008f700000| Untracked 
| 248|0x000000008f800000, 0x000000008f800000, 0x000000008f900000|  0%| F|  |TAMS 0x000000008f800000, 0x000000008f800000| Untracked 
| 249|0x000000008f900000, 0x000000008f900000, 0x000000008fa00000|  0%| F|  |TAMS 0x000000008f900000, 0x000000008f900000| Untracked 
| 250|0x000000008fa00000, 0x000000008fa00000, 0x000000008fb00000|  0%| F|  |TAMS 0x000000008fa00000, 0x000000008fa00000| Untracked 
| 251|0x000000008fb00000, 0x000000008fb00000, 0x000000008fc00000|  0%| F|  |TAMS 0x000000008fb00000, 0x000000008fb00000| Untracked 
| 252|0x000000008fc00000, 0x000000008fc00000, 0x000000008fd00000|  0%| F|  |TAMS 0x000000008fc00000, 0x000000008fc00000| Untracked 
| 253|0x000000008fd00000, 0x000000008fd00000, 0x000000008fe00000|  0%| F|  |TAMS 0x000000008fd00000, 0x000000008fd00000| Untracked 
| 254|0x000000008fe00000, 0x000000008ff00000, 0x000000008ff00000|100%| E|  |TAMS 0x000000008fe00000, 0x000000008fe00000| Complete 
| 255|0x000000008ff00000, 0x0000000090000000, 0x0000000090000000|100%| E|CS|TAMS 0x000000008ff00000, 0x000000008ff00000| Complete 

Card table byte_map: [0x0000015159de0000,0x000001515a1e0000] _byte_map_base: 0x00000151599e0000

Marking Bits (Prev, Next): (CMBitMap*) 0x0000015144a81660, (CMBitMap*) 0x0000015144a81628
 Prev Bits: [0x000001515c5e0000, 0x000001515e5e0000)
 Next Bits: [0x000001515a5e0000, 0x000001515c5e0000)

Polling page: 0x0000015144b20000

Metaspace:

Usage:
  Non-class:     61.81 MB capacity,    60.74 MB ( 98%) used,   917.55 KB (  1%) free+waste,   176.56 KB ( <1%) overhead. 
      Class:      9.57 MB capacity,     8.99 MB ( 94%) used,   512.69 KB (  5%) free+waste,    82.13 KB ( <1%) overhead. 
       Both:     71.38 MB capacity,    69.73 MB ( 98%) used,     1.40 MB (  2%) free+waste,   258.69 KB ( <1%) overhead. 

Virtual space:
  Non-class space:       64.00 MB reserved,      62.04 MB ( 97%) committed 
      Class space:        1.00 GB reserved,       9.63 MB ( <1%) committed 
             Both:        1.06 GB reserved,      71.66 MB (  7%) committed 

Chunk freelists:
   Non-Class:  39.00 KB
       Class:  20.00 KB
        Both:  59.00 KB

MaxMetaspaceSize: 17179869184.00 GB
CompressedClassSpaceSize: 1.00 GB

CodeHeap 'non-profiled nmethods': size=120000Kb used=4614Kb max_used=4614Kb free=115385Kb
 bounds [0x0000015151820000, 0x0000015151cb0000, 0x0000015158d50000]
CodeHeap 'profiled nmethods': size=120000Kb used=14569Kb max_used=14569Kb free=105430Kb
 bounds [0x000001514a2f0000, 0x000001514b130000, 0x0000015151820000]
CodeHeap 'non-nmethods': size=5760Kb used=2266Kb max_used=2315Kb free=3493Kb
 bounds [0x0000015149d50000, 0x0000015149fc0000, 0x000001514a2f0000]
 total_blobs=7730 nmethods=6868 adapters=773
 compilation: enabled
              stopped_count=0, restarted_count=0
 full_count=0

Compilation events (20 events):
Event: 15.731 Thread 0x0000015161bb4800 6824   !   3       kotlin.SynchronizedLazyImpl::getValue (97 bytes)
Event: 15.732 Thread 0x0000015161bb4800 nmethod 6824 0x000001514b0fba90 code [0x000001514b0fbce0, 0x000001514b0fc618]
Event: 15.735 Thread 0x0000015161bb4800 6825       3       sun.reflect.generics.parser.SignatureParser::parseSuperInterfaces (51 bytes)
Event: 15.736 Thread 0x0000015161bb4800 nmethod 6825 0x000001514b0fca10 code [0x000001514b0fcc80, 0x000001514b0fd638]
Event: 15.736 Thread 0x0000015161bb4800 6826       3       sun.reflect.generics.tree.ClassSignature::make (11 bytes)
Event: 15.737 Thread 0x0000015161bb4800 nmethod 6826 0x000001514b0fda10 code [0x000001514b0fdbe0, 0x000001514b0fdef8]
Event: 15.737 Thread 0x0000015161bb4800 6827       3       sun.reflect.generics.tree.ClassSignature::<init> (20 bytes)
Event: 15.737 Thread 0x0000015161bb4800 nmethod 6827 0x000001514b0fe010 code [0x000001514b0fe1c0, 0x000001514b0fe438]
Event: 15.740 Thread 0x0000015161bb4800 6828       3       com.android.build.api.variant.impl.ApplicationVariantImpl_Decorated::getArtifacts (40 bytes)
Event: 15.740 Thread 0x0000015161bb4800 nmethod 6828 0x000001514b0fe510 code [0x000001514b0fe740, 0x000001514b0fee68]
Event: 15.743 Thread 0x0000015161bb4800 6829       3       java.lang.invoke.DelegatingMethodHandle::<init> (10 bytes)
Event: 15.743 Thread 0x0000015161bb4800 nmethod 6829 0x000001514b0ff090 code [0x000001514b0ff280, 0x000001514b0ff6b8]
Event: 15.743 Thread 0x0000015161bb4800 6830       3       java.lang.invoke.DelegatingMethodHandle::chooseDelegatingForm (24 bytes)
Event: 15.743 Thread 0x0000015161bb4800 nmethod 6830 0x000001514b0ff810 code [0x000001514b0ff9e0, 0x000001514b0ffd48]
Event: 15.746 Thread 0x0000015161bb4800 6831       1       org.gradle.internal.typeconversion.NotationConverterToNotationParserAdapter$ResultImpl::access$100 (5 bytes)
Event: 15.746 Thread 0x0000015161bb4800 nmethod 6831 0x0000015151c93810 code [0x0000015151c939c0, 0x0000015151c93a58]
Event: 15.746 Thread 0x0000015161bb4800 6832       1       org.gradle.internal.typeconversion.NotationConverterToNotationParserAdapter$ResultImpl::access$200 (5 bytes)
Event: 15.746 Thread 0x0000015161bb4800 nmethod 6832 0x0000015151c93b10 code [0x0000015151c93cc0, 0x0000015151c93d58]
Event: 15.763 Thread 0x0000015161bb4800 6833       3       java.lang.reflect.ProxyGenerator$ProxyMethod::generateMethod (733 bytes)
Event: 15.773 Thread 0x0000015161bb4800 nmethod 6833 0x000001514b0ffe90 code [0x000001514b100c20, 0x000001514b109848]

GC Heap History (12 events):
Event: 1.230 GC heap before
{Heap before GC invocations=0 (full 0):
 garbage-first heap   total 262144K, used 29696K [0x0000000080000000, 0x0000000100000000)
  region size 1024K, 24 young (24576K), 0 survivors (0K)
 Metaspace       used 9817K, capacity 9998K, committed 10112K, reserved 1058816K
  class space    used 1023K, capacity 1102K, committed 1152K, reserved 1048576K
}
Event: 1.240 GC heap after
{Heap after GC invocations=1 (full 0):
 garbage-first heap   total 262144K, used 9149K [0x0000000080000000, 0x0000000100000000)
  region size 1024K, 3 young (3072K), 3 survivors (3072K)
 Metaspace       used 9817K, capacity 9998K, committed 10112K, reserved 1058816K
  class space    used 1023K, capacity 1102K, committed 1152K, reserved 1048576K
}
Event: 3.939 GC heap before
{Heap before GC invocations=1 (full 0):
 garbage-first heap   total 262144K, used 105405K [0x0000000080000000, 0x0000000100000000)
  region size 1024K, 98 young (100352K), 3 survivors (3072K)
 Metaspace       used 20633K, capacity 21162K, committed 21296K, reserved 1069056K
  class space    used 2513K, capacity 2688K, committed 2688K, reserved 1048576K
}
Event: 3.954 GC heap after
{Heap after GC invocations=2 (full 0):
 garbage-first heap   total 262144K, used 16330K [0x0000000080000000, 0x0000000100000000)
  region size 1024K, 11 young (11264K), 11 survivors (11264K)
 Metaspace       used 20633K, capacity 21162K, committed 21296K, reserved 1069056K
  class space    used 2513K, capacity 2688K, committed 2688K, reserved 1048576K
}
Event: 4.323 GC heap before
{Heap before GC invocations=3 (full 0):
 garbage-first heap   total 262144K, used 40906K [0x0000000080000000, 0x0000000100000000)
  region size 1024K, 35 young (35840K), 11 survivors (11264K)
 Metaspace       used 22723K, capacity 23263K, committed 23600K, reserved 1069056K
  class space    used 2889K, capacity 3073K, committed 3200K, reserved 1048576K
}
Event: 4.330 GC heap after
{Heap after GC invocations=4 (full 0):
 garbage-first heap   total 262144K, used 17798K [0x0000000080000000, 0x0000000100000000)
  region size 1024K, 2 young (2048K), 2 survivors (2048K)
 Metaspace       used 22723K, capacity 23263K, committed 23600K, reserved 1069056K
  class space    used 2889K, capacity 3073K, committed 3200K, reserved 1048576K
}
Event: 6.369 GC heap before
{Heap before GC invocations=4 (full 0):
 garbage-first heap   total 262144K, used 103814K [0x0000000080000000, 0x0000000100000000)
  region size 1024K, 88 young (90112K), 2 survivors (2048K)
 Metaspace       used 34835K, capacity 35618K, committed 35708K, reserved 1081344K
  class space    used 4531K, capacity 4832K, committed 4864K, reserved 1048576K
}
Event: 6.379 GC heap after
{Heap after GC invocations=5 (full 0):
 garbage-first heap   total 262144K, used 22627K [0x0000000080000000, 0x0000000100000000)
  region size 1024K, 6 young (6144K), 6 survivors (6144K)
 Metaspace       used 34835K, capacity 35618K, committed 35708K, reserved 1081344K
  class space    used 4531K, capacity 4832K, committed 4864K, reserved 1048576K
}
Event: 9.304 GC heap before
{Heap before GC invocations=6 (full 0):
 garbage-first heap   total 262144K, used 161891K [0x0000000080000000, 0x0000000100000000)
  region size 1024K, 139 young (142336K), 6 survivors (6144K)
 Metaspace       used 45874K, capacity 47035K, committed 47228K, reserved 1089536K
  class space    used 5880K, capacity 6302K, committed 6400K, reserved 1048576K
}
Event: 9.315 GC heap after
{Heap after GC invocations=7 (full 0):
 garbage-first heap   total 262144K, used 29701K [0x0000000080000000, 0x0000000100000000)
  region size 1024K, 13 young (13312K), 13 survivors (13312K)
 Metaspace       used 45874K, capacity 47035K, committed 47228K, reserved 1089536K
  class space    used 5880K, capacity 6302K, committed 6400K, reserved 1048576K
}
Event: 12.573 GC heap before
{Heap before GC invocations=7 (full 0):
 garbage-first heap   total 262144K, used 151557K [0x0000000080000000, 0x0000000100000000)
  region size 1024K, 129 young (132096K), 13 survivors (13312K)
 Metaspace       used 58391K, capacity 59843K, committed 59940K, reserved 1101824K
  class space    used 7364K, capacity 7907K, committed 7936K, reserved 1048576K
}
Event: 12.604 GC heap after
{Heap after GC invocations=8 (full 0):
 garbage-first heap   total 262144K, used 43303K [0x0000000080000000, 0x0000000100000000)
  region size 1024K, 17 young (17408K), 17 survivors (17408K)
 Metaspace       used 58391K, capacity 59843K, committed 59940K, reserved 1101824K
  class space    used 7364K, capacity 7907K, committed 7936K, reserved 1048576K
}

Deoptimization events (20 events):
Event: 15.575 Thread 0x0000015164688000 DEOPT PACKING pc=0x0000015151a0bb48 sp=0x000000042bdfa700
Event: 15.575 Thread 0x0000015164688000 DEOPT UNPACKING pc=0x0000015149d778af sp=0x000000042bdfa700 mode 2
Event: 15.579 Thread 0x0000015164688000 Uncommon trap: trap_request=0xffffffc6 fr.pc=0x0000015151a0bb48 relative=0x0000000000003b28
Event: 15.579 Thread 0x0000015164688000 Uncommon trap: reason=bimorphic_or_optimized_type_check action=maybe_recompile pc=0x0000015151a0bb48 method=java.util.AbstractCollection.addAll(Ljava/util/Collection;)Z @ 29 c2
Event: 15.579 Thread 0x0000015164688000 DEOPT PACKING pc=0x0000015151a0bb48 sp=0x000000042bdfa700
Event: 15.579 Thread 0x0000015164688000 DEOPT UNPACKING pc=0x0000015149d778af sp=0x000000042bdfa700 mode 2
Event: 15.587 Thread 0x0000015164688000 Uncommon trap: trap_request=0xffffff4d fr.pc=0x0000015151acfd90 relative=0x0000000000000bf0
Event: 15.587 Thread 0x0000015164688000 Uncommon trap: reason=unstable_if action=reinterpret pc=0x0000015151acfd90 method=com.esotericsoftware.kryo.io.Input.readString()Ljava/lang/String; @ 28 c2
Event: 15.587 Thread 0x0000015164688000 DEOPT PACKING pc=0x0000015151acfd90 sp=0x000000042bdf8b80
Event: 15.587 Thread 0x0000015164688000 DEOPT UNPACKING pc=0x0000015149d778af sp=0x000000042bdf8b58 mode 2
Event: 15.588 Thread 0x0000015164688000 Uncommon trap: trap_request=0xffffff4d fr.pc=0x0000015151aa8e74 relative=0x00000000000001b4
Event: 15.588 Thread 0x0000015164688000 Uncommon trap: reason=unstable_if action=reinterpret pc=0x0000015151aa8e74 method=com.esotericsoftware.kryo.io.Input.require(I)I @ 65 c2
Event: 15.588 Thread 0x0000015164688000 DEOPT PACKING pc=0x0000015151aa8e74 sp=0x000000042bdf8a80
Event: 15.588 Thread 0x0000015164688000 DEOPT UNPACKING pc=0x0000015149d778af sp=0x000000042bdf8a40 mode 2
Event: 15.592 Thread 0x0000015164688000 Uncommon trap: trap_request=0xffffff4d fr.pc=0x0000015151ada118 relative=0x00000000000001d8
Event: 15.592 Thread 0x0000015164688000 Uncommon trap: reason=unstable_if action=reinterpret pc=0x0000015151ada118 method=com.esotericsoftware.kryo.io.Input.readVarInt(Z)I @ 42 c2
Event: 15.592 Thread 0x0000015164688000 DEOPT PACKING pc=0x0000015151ada118 sp=0x000000042bdf89f0
Event: 15.592 Thread 0x0000015164688000 DEOPT UNPACKING pc=0x0000015149d778af sp=0x000000042bdf8998 mode 2
Event: 15.637 Thread 0x0000015164688000 DEOPT PACKING pc=0x000001514aea548b sp=0x000000042bdf9c30
Event: 15.637 Thread 0x0000015164688000 DEOPT UNPACKING pc=0x0000015149d776ce sp=0x000000042bdf91d0 mode 0

Classes redefined (0 events):
No events

Internal exceptions (20 events):
Event: 14.169 Thread 0x0000015164688000 Exception <a 'java/lang/ClassNotFoundException'{0x000000008b42cb30}: com/android/builder/core/AbstractBuildTypeCustomizer> (0x000000008b42cb30) thrown at [./src/hotspot/share/classfile/systemDictionary.cpp, line 231]
Event: 14.172 Thread 0x0000015164688000 Exception <a 'java/lang/ClassNotFoundException'{0x000000008b461768}: com/android/build/gradle/internal/dsl/BuildTypeCustomizer> (0x000000008b461768) thrown at [./src/hotspot/share/classfile/systemDictionary.cpp, line 231]
Event: 14.181 Thread 0x0000015164688000 Exception <a 'java/lang/ClassNotFoundException'{0x000000008b4edde8}: com/android/build/gradle/internal/dsl/BuildType_DecoratedCustomizer> (0x000000008b4edde8) thrown at [./src/hotspot/share/classfile/systemDictionary.cpp, line 231]
Event: 14.188 Thread 0x0000015164688000 Exception <a 'java/lang/ClassNotFoundException'{0x000000008b3b01a8}: build_2q09smrqwk9mgub4ol8hg0mye$_run_closure1$_closure4BeanInfo> (0x000000008b3b01a8) thrown at [./src/hotspot/share/classfile/systemDictionary.cpp, line 231]
Event: 14.189 Thread 0x0000015164688000 Exception <a 'java/lang/ClassNotFoundException'{0x000000008b3c0910}: build_2q09smrqwk9mgub4ol8hg0mye$_run_closure1$_closure4Customizer> (0x000000008b3c0910) thrown at [./src/hotspot/share/classfile/systemDictionary.cpp, line 231]
Event: 14.191 Thread 0x0000015164688000 Exception <a 'java/lang/ClassNotFoundException'{0x000000008b3e96d8}: build_2q09smrqwk9mgub4ol8hg0mye$_run_closure1BeanInfo> (0x000000008b3e96d8) thrown at [./src/hotspot/share/classfile/systemDictionary.cpp, line 231]
Event: 14.192 Thread 0x0000015164688000 Exception <a 'java/lang/ClassNotFoundException'{0x000000008b3f94e8}: build_2q09smrqwk9mgub4ol8hg0mye$_run_closure1Customizer> (0x000000008b3f94e8) thrown at [./src/hotspot/share/classfile/systemDictionary.cpp, line 231]
Event: 14.236 Thread 0x0000015164688000 Exception <a 'java/lang/ClassNotFoundException'{0x000000008b257390}: org/gradle/api/JavaVersionBeanInfo> (0x000000008b257390) thrown at [./src/hotspot/share/classfile/systemDictionary.cpp, line 231]
Event: 14.237 Thread 0x0000015164688000 Exception <a 'java/lang/ClassNotFoundException'{0x000000008b281950}: org/gradle/api/JavaVersionCustomizer> (0x000000008b281950) thrown at [./src/hotspot/share/classfile/systemDictionary.cpp, line 231]
Event: 14.246 Thread 0x0000015164688000 Exception <a 'java/lang/ClassNotFoundException'{0x000000008b2d65a0}: com/android/build/gradle/internal/CompileOptions_DecoratedBeanInfo> (0x000000008b2d65a0) thrown at [./src/hotspot/share/classfile/systemDictionary.cpp, line 231]
Event: 14.247 Thread 0x0000015164688000 Exception <a 'java/lang/ClassNotFoundException'{0x000000008b2ed9f8}: com/android/build/gradle/internal/CompileOptionsBeanInfo> (0x000000008b2ed9f8) thrown at [./src/hotspot/share/classfile/systemDictionary.cpp, line 231]
Event: 14.247 Thread 0x0000015164688000 Exception <a 'java/lang/ClassNotFoundException'{0x000000008b105ab8}: com/android/build/gradle/internal/CompileOptionsCustomizer> (0x000000008b105ab8) thrown at [./src/hotspot/share/classfile/systemDictionary.cpp, line 231]
Event: 14.248 Thread 0x0000015164688000 Exception <a 'java/lang/ClassNotFoundException'{0x000000008b12a088}: com/android/build/gradle/internal/CompileOptions_DecoratedCustomizer> (0x000000008b12a088) thrown at [./src/hotspot/share/classfile/systemDictionary.cpp, line 231]
Event: 15.516 Thread 0x0000015164688000 Exception <a 'java/lang/ClassNotFoundException'{0x00000000875c59d0}: com/android/build/gradle/internal/api/ApkVariantOutputImpl_DecoratedBeanInfo> (0x00000000875c59d0) thrown at [./src/hotspot/share/classfile/systemDictionary.cpp, line 231]
Event: 15.517 Thread 0x0000015164688000 Exception <a 'java/lang/ClassNotFoundException'{0x00000000875df3f0}: com/android/build/gradle/internal/api/ApkVariantOutputImplBeanInfo> (0x00000000875df3f0) thrown at [./src/hotspot/share/classfile/systemDictionary.cpp, line 231]
Event: 15.518 Thread 0x0000015164688000 Exception <a 'java/lang/ClassNotFoundException'{0x00000000875f95c0}: com/android/build/gradle/internal/api/BaseVariantOutputImplBeanInfo> (0x00000000875f95c0) thrown at [./src/hotspot/share/classfile/systemDictionary.cpp, line 231]
Event: 15.518 Thread 0x0000015164688000 Exception <a 'java/lang/ClassNotFoundException'{0x0000000087413ca0}: com/android/build/gradle/internal/api/BaseVariantOutputImplCustomizer> (0x0000000087413ca0) thrown at [./src/hotspot/share/classfile/systemDictionary.cpp, line 231]
Event: 15.519 Thread 0x0000015164688000 Exception <a 'java/lang/ClassNotFoundException'{0x0000000087440570}: com/android/build/gradle/internal/api/ApkVariantOutputImplCustomizer> (0x0000000087440570) thrown at [./src/hotspot/share/classfile/systemDictionary.cpp, line 231]
Event: 15.520 Thread 0x0000015164688000 Exception <a 'java/lang/ClassNotFoundException'{0x0000000087469248}: com/android/build/gradle/internal/api/ApkVariantOutputImpl_DecoratedCustomizer> (0x0000000087469248) thrown at [./src/hotspot/share/classfile/systemDictionary.cpp, line 231]
Event: 15.541 Thread 0x0000015164688000 Exception <a 'java/lang/NoClassDefFoundError'{0x00000000873cf4d8}: org/jetbrains/kotlin/gradle/plugin/KotlinBasePluginWrapper> (0x00000000873cf4d8) thrown at [./src/hotspot/share/classfile/systemDictionary.cpp, line 220]

Events (20 events):
Event: 15.776 loading class com/android/build/gradle/internal/tasks/MergeNativeDebugMetadataTask$Companion$WhenMappings
Event: 15.776 loading class com/android/build/gradle/internal/tasks/MergeNativeDebugMetadataTask$Companion$WhenMappings done
Event: 15.776 loading class org/gradle/api/internal/file/FileCollectionBackedFileTree
Event: 15.776 loading class org/gradle/api/internal/file/FileCollectionBackedFileTree done
Event: 15.776 loading class org/gradle/api/internal/file/AbstractFileTree
Event: 15.776 loading class org/gradle/api/internal/file/AbstractFileTree done
Event: 15.777 loading class org/gradle/api/file/FileTree
Event: 15.777 loading class org/gradle/api/file/FileTree done
Event: 15.777 loading class org/gradle/api/internal/file/FilteredFileTree
Event: 15.777 loading class org/gradle/api/internal/file/FilteredFileTree done
Event: 15.778 loading class org/gradle/api/internal/file/CompositeFileTree
Event: 15.778 loading class org/gradle/api/internal/file/CompositeFileTree done
Event: 15.779 loading class org/gradle/api/tasks/util/PatternFilterable
Event: 15.779 loading class org/gradle/api/tasks/util/PatternFilterable done
Event: 15.779 loading class org/gradle/api/tasks/util/PatternSet
Event: 15.779 loading class org/gradle/api/tasks/util/PatternSet done
Event: 15.779 loading class org/gradle/api/internal/file/FileCollectionBackedFileTree
Event: 15.779 loading class org/gradle/api/internal/file/FileCollectionBackedFileTree done
Event: 15.779 loading class com/android/build/gradle/internal/scope/ArtifactTypeUtil
Event: 15.779 loading class com/android/build/gradle/internal/scope/ArtifactTypeUtil done


Dynamic libraries:
0x00007ff770870000 - 0x00007ff77087a000 	D:\INSTALLED PROGRAMS\Android Studio\jre\bin\java.exe
0x00007ffdc79d0000 - 0x00007ffdc7bc5000 	C:\WINDOWS\SYSTEM32\ntdll.dll
0x00007ffdc75e0000 - 0x00007ffdc769e000 	C:\WINDOWS\System32\KERNEL32.DLL
0x00007ffdc5740000 - 0x00007ffdc5a08000 	C:\WINDOWS\System32\KERNELBASE.dll
0x00007ffdc51b0000 - 0x00007ffdc52b0000 	C:\WINDOWS\System32\ucrtbase.dll
0x00007ffd75010000 - 0x00007ffd75029000 	D:\INSTALLED PROGRAMS\Android Studio\jre\bin\jli.dll
0x00007ffdc5a20000 - 0x00007ffdc5bc1000 	C:\WINDOWS\System32\USER32.dll
0x00007ffdc5180000 - 0x00007ffdc51a2000 	C:\WINDOWS\System32\win32u.dll
0x00007ffdc6260000 - 0x00007ffdc628b000 	C:\WINDOWS\System32\GDI32.dll
0x00007ffdc52b0000 - 0x00007ffdc53bd000 	C:\WINDOWS\System32\gdi32full.dll
0x00007ffdb37c0000 - 0x00007ffdb3a5a000 	C:\WINDOWS\WinSxS\amd64_microsoft.windows.common-controls_6595b64144ccf1df_6.0.19041.1110_none_60b5254171f9507e\COMCTL32.dll
0x00007ffdc50e0000 - 0x00007ffdc517d000 	C:\WINDOWS\System32\msvcp_win.dll
0x00007ffdc68c0000 - 0x00007ffdc695e000 	C:\WINDOWS\System32\msvcrt.dll
0x00007ffd8dc60000 - 0x00007ffd8dc77000 	D:\INSTALLED PROGRAMS\Android Studio\jre\bin\VCRUNTIME140.dll
0x00007ffdc6410000 - 0x00007ffdc6440000 	C:\WINDOWS\System32\IMM32.DLL
0x00007ffd121f0000 - 0x00007ffd1228d000 	D:\INSTALLED PROGRAMS\Android Studio\jre\bin\msvcp140.dll
0x00007ffd1d280000 - 0x00007ffd1dd4f000 	D:\INSTALLED PROGRAMS\Android Studio\jre\bin\server\jvm.dll
0x00007ffdc6130000 - 0x00007ffdc61dc000 	C:\WINDOWS\System32\ADVAPI32.dll
0x00007ffdc6bc0000 - 0x00007ffdc6c5b000 	C:\WINDOWS\System32\sechost.dll
0x00007ffdc6960000 - 0x00007ffdc6a8a000 	C:\WINDOWS\System32\RPCRT4.dll
0x00007ffdc7860000 - 0x00007ffdc7868000 	C:\WINDOWS\System32\PSAPI.DLL
0x00007ffdaf210000 - 0x00007ffdaf219000 	C:\WINDOWS\SYSTEM32\WSOCK32.dll
0x00007ffdbc6c0000 - 0x00007ffdbc6e7000 	C:\WINDOWS\SYSTEM32\WINMM.dll
0x00007ffdbde50000 - 0x00007ffdbde5a000 	C:\WINDOWS\SYSTEM32\VERSION.dll
0x00007ffdc6340000 - 0x00007ffdc63ab000 	C:\WINDOWS\System32\WS2_32.dll
0x00007ffdc2fd0000 - 0x00007ffdc2fe2000 	C:\WINDOWS\SYSTEM32\kernel.appcore.dll
0x00007ffd986e0000 - 0x00007ffd986f1000 	D:\INSTALLED PROGRAMS\Android Studio\jre\bin\verify.dll
0x00007ffdbeb00000 - 0x00007ffdbece4000 	C:\WINDOWS\SYSTEM32\DBGHELP.DLL
0x00007ffda2010000 - 0x00007ffda203c000 	C:\WINDOWS\SYSTEM32\dbgcore.DLL
0x00007ffdc5520000 - 0x00007ffdc55a2000 	C:\WINDOWS\System32\bcryptPrimitives.dll
0x00007ffd95560000 - 0x00007ffd95589000 	D:\INSTALLED PROGRAMS\Android Studio\jre\bin\java.dll
0x00007ffda6780000 - 0x00007ffda678b000 	D:\INSTALLED PROGRAMS\Android Studio\jre\bin\jimage.dll
0x00007ffd97a80000 - 0x00007ffd97a98000 	D:\INSTALLED PROGRAMS\Android Studio\jre\bin\zip.dll
0x00007ffdc6d10000 - 0x00007ffdc7454000 	C:\WINDOWS\System32\SHELL32.dll
0x00007ffdc31d0000 - 0x00007ffdc3964000 	C:\WINDOWS\SYSTEM32\windows.storage.dll
0x00007ffdc5bd0000 - 0x00007ffdc5f25000 	C:\WINDOWS\System32\combase.dll
0x00007ffdc4b30000 - 0x00007ffdc4b5e000 	C:\WINDOWS\SYSTEM32\Wldp.dll
0x00007ffdc7530000 - 0x00007ffdc75dd000 	C:\WINDOWS\System32\SHCORE.dll
0x00007ffdc78d0000 - 0x00007ffdc7925000 	C:\WINDOWS\System32\shlwapi.dll
0x00007ffdc5020000 - 0x00007ffdc503f000 	C:\WINDOWS\SYSTEM32\profapi.dll
0x00007ffd95970000 - 0x00007ffd9598a000 	D:\INSTALLED PROGRAMS\Android Studio\jre\bin\net.dll
0x00007ffdbe1d0000 - 0x00007ffdbe2dc000 	C:\WINDOWS\SYSTEM32\WINHTTP.dll
0x00007ffdc4890000 - 0x00007ffdc48fa000 	C:\WINDOWS\system32\mswsock.dll
0x00007ffd95480000 - 0x00007ffd95494000 	D:\INSTALLED PROGRAMS\Android Studio\jre\bin\nio.dll
0x00007ffd76550000 - 0x00007ffd76577000 	C:\Users\Megas\.gradle\native\8bec1ad78214c89d9ad589b4d07fe93259594b29d510b10fafb7a158f7737e5d\windows-amd64\native-platform.dll
0x00007ffd12320000 - 0x00007ffd1245d000 	C:\Users\Megas\.gradle\native\53dbd7edfb1c66fb8903c78663c9afc45aea4f116125fa6feffd364cf09443e8\windows-amd64\native-platform-file-events.dll
0x00007ffda66f0000 - 0x00007ffda66fa000 	D:\INSTALLED PROGRAMS\Android Studio\jre\bin\management.dll
0x00007ffda5db0000 - 0x00007ffda5dbc000 	D:\INSTALLED PROGRAMS\Android Studio\jre\bin\management_ext.dll
0x00007ffdc4a80000 - 0x00007ffdc4a98000 	C:\WINDOWS\SYSTEM32\CRYPTSP.dll
0x00007ffdc41a0000 - 0x00007ffdc41d4000 	C:\WINDOWS\system32\rsaenh.dll
0x00007ffdc5710000 - 0x00007ffdc5737000 	C:\WINDOWS\System32\bcrypt.dll
0x00007ffdc4fe0000 - 0x00007ffdc500e000 	C:\WINDOWS\SYSTEM32\USERENV.dll
0x00007ffdc4aa0000 - 0x00007ffdc4aac000 	C:\WINDOWS\SYSTEM32\CRYPTBASE.dll
0x00007ffdc4530000 - 0x00007ffdc456b000 	C:\WINDOWS\SYSTEM32\IPHLPAPI.DLL
0x00007ffdc5a10000 - 0x00007ffdc5a18000 	C:\WINDOWS\System32\NSI.dll
0x00007ffdbe510000 - 0x00007ffdbe527000 	C:\WINDOWS\SYSTEM32\dhcpcsvc6.DLL
0x00007ffdbe4e0000 - 0x00007ffdbe4fd000 	C:\WINDOWS\SYSTEM32\dhcpcsvc.DLL
0x00007ffdc4580000 - 0x00007ffdc464b000 	C:\WINDOWS\SYSTEM32\DNSAPI.dll

dbghelp: loaded successfully - version: 4.0.5 - missing functions: none
symbol engine: initialized successfully - sym options: 0x614 - pdb path: .;D:\INSTALLED PROGRAMS\Android Studio\jre\bin;C:\WINDOWS\SYSTEM32;C:\WINDOWS\WinSxS\amd64_microsoft.windows.common-controls_6595b64144ccf1df_6.0.19041.1110_none_60b5254171f9507e;D:\INSTALLED PROGRAMS\Android Studio\jre\bin\server;C:\Users\Megas\.gradle\native\8bec1ad78214c89d9ad589b4d07fe93259594b29d510b10fafb7a158f7737e5d\windows-amd64;C:\Users\Megas\.gradle\native\53dbd7edfb1c66fb8903c78663c9afc45aea4f116125fa6feffd364cf09443e8\windows-amd64

VM Arguments:
jvm_args: --add-opens=java.base/java.util=ALL-UNNAMED --add-opens=java.base/java.lang=ALL-UNNAMED --add-opens=java.base/java.lang.invoke=ALL-UNNAMED --add-opens=java.base/java.util=ALL-UNNAMED --add-opens=java.prefs/java.util.prefs=ALL-UNNAMED --add-opens=java.prefs/java.util.prefs=ALL-UNNAMED --add-opens=java.base/java.nio.charset=ALL-UNNAMED --add-opens=java.base/java.net=ALL-UNNAMED --add-opens=java.base/java.util.concurrent.atomic=ALL-UNNAMED -Xmx2048m -Dfile.encoding=UTF-8 -Duser.country=US -Duser.language=en -Duser.variant 
java_command: org.gradle.launcher.daemon.bootstrap.GradleDaemon 7.0.2
java_class_path (initial): C:\Users\Megas\.gradle\wrapper\dists\gradle-7.0.2-bin\857tjihv64xamwrf0h14cai3r\gradle-7.0.2\lib\gradle-launcher-7.0.2.jar
Launcher Type: SUN_STANDARD

[Global flags]
     intx CICompilerCount                          = 4                                         {product} {ergonomic}
     uint ConcGCThreads                            = 3                                         {product} {ergonomic}
     uint G1ConcRefinementThreads                  = 10                                        {product} {ergonomic}
   size_t G1HeapRegionSize                         = 1048576                                   {product} {ergonomic}
    uintx GCDrainStackTargetSize                   = 64                                        {product} {ergonomic}
   size_t InitialHeapSize                          = 268435456                                 {product} {ergonomic}
   size_t MarkStackSize                            = 4194304                                   {product} {ergonomic}
   size_t MaxHeapSize                              = 2147483648                                {product} {command line}
   size_t MaxNewSize                               = 1287651328                                {product} {ergonomic}
   size_t MinHeapDeltaBytes                        = 1048576                                   {product} {ergonomic}
    uintx NonNMethodCodeHeapSize                   = 5836300                                {pd product} {ergonomic}
    uintx NonProfiledCodeHeapSize                  = 122910970                              {pd product} {ergonomic}
    uintx ProfiledCodeHeapSize                     = 122910970                              {pd product} {ergonomic}
    uintx ReservedCodeCacheSize                    = 251658240                              {pd product} {ergonomic}
     bool SegmentedCodeCache                       = true                                      {product} {ergonomic}
     bool UseCompressedClassPointers               = true                                 {lp64_product} {ergonomic}
     bool UseCompressedOops                        = true                                 {lp64_product} {ergonomic}
     bool UseG1GC                                  = true                                      {product} {ergonomic}
     bool UseLargePagesIndividualAllocation        = false                                  {pd product} {ergonomic}

Logging:
Log output configuration:
 #0: stdout all=warning uptime,level,tags
 #1: stderr all=off uptime,level,tags

Environment Variables:
PATH=C:\Program Files (x86)\PC Connectivity Solution\;C:\Program Files (x86)\Common Files\Oracle\Java\javapath;C:\WINDOWS\system32;C:\WINDOWS;C:\WINDOWS\System32\Wbem;C:\WINDOWS\System32\WindowsPowerShell\v1.0\;C:\WINDOWS\System32\OpenSSH\;C:\Program Files (x86)\Common Files\Acronis\SnapAPI\;C:\Program Files\Microsoft SQL Server\Client SDK\ODBC\130\Tools\Binn\;C:\Program Files (x86)\Microsoft SQL Server\140\Tools\Binn\;C:\Program Files\Microsoft SQL Server\140\Tools\Binn\;C:\Program Files (x86)\Microsoft SQL Server\140\DTS\Binn\;C:\Program Files\Microsoft SQL Server\140\DTS\Binn\;C:\Program Files\Microsoft SQL Server\130\Tools\Binn\;C:\Program Files\Microsoft SQL Server\Client SDK\ODBC\170\Tools\Binn\;C:\Program Files (x86)\Microsoft SQL Server\150\DTS\Binn\;C:\Program Files\Azure Data Studio\bin;C:\Program Files\dotnet\;C:\Program Files (x86)\dotnet\;C:\xampp\php;C:\ProgramData\ComposerSetup\bin;C:\Program Files (x86)\Microsoft SQL Server\150\Tools\Binn\;C:\Program Files\Microsoft SQL Server\150\Tools\Binn\;C:\Program Files\Microsoft SQL Server\150\DTS\Binn\;C:\Program Files\nodejs\;C:\Users\Megas\AppData\Local\Programs\Python\Python38-32\Scripts\;C:\Users\Megas\AppData\Local\Programs\Python\Python38-32\;C:\Users\Megas\AppData\Local\Microsoft\WindowsApps;C:\Program Files\Azure Data Studio\bin;C:\Users\Megas\.dotnet\tools;C:\Users\Megas\AppData\Roaming\Composer\vendor\bin;C:\Users\Megas\AppData\Local\Programs\Microsoft VS Code\bin;C:\Users\Megas\AppData\Roaming\npm
USERNAME=Megas
OS=Windows_NT
PROCESSOR_IDENTIFIER=AMD64 Family 23 Model 1 Stepping 1, AuthenticAMD



---------------  S Y S T E M  ---------------

OS: Windows 10 , 64 bit Build 19041 (10.0.19041.1348)
OS uptime: 15 days 15:44 hours

CPU:total 12 (initial active 12) (12 cores per cpu, 2 threads per core) family 23 model 1 stepping 1 microcode 0x0, cmov, cx8, fxsr, mmx, sse, sse2, sse3, ssse3, sse4.1, sse4.2, popcnt, avx, avx2, aes, clmul, mmxext, 3dnowpref, lzcnt, sse4a, ht, tsc, tscinvbit, tscinv, bmi1, bmi2, adx, s

Memory: 4k page, system-wide physical 16311M (2008M free)
TotalPageFile size 27871M (AvailPageFile size 12M)
current process WorkingSet (physical memory assigned to process): 431M, peak: 431M
current process commit charge ("private bytes"): 522M, peak: 533M

vm_info: OpenJDK 64-Bit Server VM (11.0.10+0-b96-7249189) for windows-amd64 JRE (11.0.10+0-b96-7249189), built on Mar 31 2021 21:44:00 by "builder" with MS VC++ 14.0 (VS2015)

END.
